{"/home/jrat/Documents/temp (copy)/digitalHR_13_march_2025 (2)/digitalHR_13_march_2025/backend/app.js": {"path":"/home/jrat/Documents/temp (copy)/digitalHR_13_march_2025 (2)/digitalHR_13_march_2025/backend/app.js","statementMap":{"0":{"start":{"line":1,"column":12},"end":{"line":1,"column":30}},"1":{"start":{"line":2,"column":16},"end":{"line":2,"column":34}},"2":{"start":{"line":3,"column":15},"end":{"line":3,"column":41}},"3":{"start":{"line":4,"column":13},"end":{"line":4,"column":28}},"4":{"start":{"line":5,"column":15},"end":{"line":5,"column":44}},"5":{"start":{"line":6,"column":27},"end":{"line":6,"column":52}},"6":{"start":{"line":7,"column":19},"end":{"line":7,"column":41}},"7":{"start":{"line":8,"column":13},"end":{"line":8,"column":28}},"8":{"start":{"line":9,"column":11},"end":{"line":9,"column":24}},"9":{"start":{"line":10,"column":15},"end":{"line":10,"column":32}},"10":{"start":{"line":12,"column":0},"end":{"line":12,"column":17}},"11":{"start":{"line":14,"column":12},"end":{"line":14,"column":21}},"12":{"start":{"line":15,"column":0},"end":{"line":15,"column":44}},"13":{"start":{"line":16,"column":0},"end":{"line":16,"column":24}},"14":{"start":{"line":17,"column":0},"end":{"line":17,"column":16}},"15":{"start":{"line":19,"column":13},"end":{"line":19,"column":37}},"16":{"start":{"line":21,"column":0},"end":{"line":26,"column":3}},"17":{"start":{"line":28,"column":11},"end":{"line":28,"column":51}},"18":{"start":{"line":30,"column":0},"end":{"line":34,"column":3}},"19":{"start":{"line":31,"column":13},"end":{"line":31,"column":75}},"20":{"start":{"line":32,"column":2},"end":{"line":32,"column":63}},"21":{"start":{"line":33,"column":2},"end":{"line":33,"column":91}},"22":{"start":{"line":36,"column":0},"end":{"line":36,"column":53}},"23":{"start":{"line":37,"column":0},"end":{"line":37,"column":53}},"24":{"start":{"line":38,"column":0},"end":{"line":38,"column":65}},"25":{"start":{"line":39,"column":0},"end":{"line":39,"column":53}},"26":{"start":{"line":40,"column":0},"end":{"line":40,"column":69}},"27":{"start":{"line":41,"column":0},"end":{"line":41,"column":57}},"28":{"start":{"line":42,"column":0},"end":{"line":42,"column":61}},"29":{"start":{"line":43,"column":0},"end":{"line":43,"column":61}},"30":{"start":{"line":44,"column":0},"end":{"line":44,"column":65}},"31":{"start":{"line":45,"column":0},"end":{"line":45,"column":60}},"32":{"start":{"line":46,"column":0},"end":{"line":46,"column":61}},"33":{"start":{"line":48,"column":16},"end":{"line":48,"column":44}},"34":{"start":{"line":50,"column":0},"end":{"line":67,"column":3}},"35":{"start":{"line":51,"column":15},"end":{"line":51,"column":23}},"36":{"start":{"line":52,"column":23},"end":{"line":56,"column":3}},"37":{"start":{"line":58,"column":2},"end":{"line":66,"column":5}},"38":{"start":{"line":59,"column":4},"end":{"line":65,"column":5}},"39":{"start":{"line":60,"column":6},"end":{"line":60,"column":32}},"40":{"start":{"line":61,"column":6},"end":{"line":61,"column":51}},"41":{"start":{"line":63,"column":6},"end":{"line":63,"column":42}},"42":{"start":{"line":64,"column":6},"end":{"line":64,"column":47}},"43":{"start":{"line":69,"column":0},"end":{"line":73,"column":1}},"44":{"start":{"line":70,"column":2},"end":{"line":72,"column":5}},"45":{"start":{"line":71,"column":4},"end":{"line":71,"column":49}},"46":{"start":{"line":75,"column":0},"end":{"line":75,"column":21}}},"fnMap":{"0":{"name":"(anonymous_0)","decl":{"start":{"line":30,"column":20},"end":{"line":30,"column":21}},"loc":{"start":{"line":30,"column":34},"end":{"line":34,"column":1}},"line":30},"1":{"name":"(anonymous_1)","decl":{"start":{"line":50,"column":60},"end":{"line":50,"column":61}},"loc":{"start":{"line":50,"column":74},"end":{"line":67,"column":1}},"line":50},"2":{"name":"(anonymous_2)","decl":{"start":{"line":58,"column":26},"end":{"line":58,"column":27}},"loc":{"start":{"line":58,"column":47},"end":{"line":66,"column":3}},"line":58},"3":{"name":"(anonymous_3)","decl":{"start":{"line":70,"column":19},"end":{"line":70,"column":20}},"loc":{"start":{"line":70,"column":25},"end":{"line":72,"column":3}},"line":70}},"branchMap":{"0":{"loc":{"start":{"line":19,"column":13},"end":{"line":19,"column":37}},"type":"binary-expr","locations":[{"start":{"line":19,"column":13},"end":{"line":19,"column":29}},{"start":{"line":19,"column":33},"end":{"line":19,"column":37}}],"line":19},"1":{"loc":{"start":{"line":31,"column":13},"end":{"line":31,"column":75}},"type":"binary-expr","locations":[{"start":{"line":31,"column":13},"end":{"line":31,"column":43}},{"start":{"line":31,"column":47},"end":{"line":31,"column":75}}],"line":31},"2":{"loc":{"start":{"line":59,"column":4},"end":{"line":65,"column":5}},"type":"if","locations":[{"start":{"line":59,"column":4},"end":{"line":65,"column":5}},{"start":{"line":62,"column":11},"end":{"line":65,"column":5}}],"line":59},"3":{"loc":{"start":{"line":69,"column":0},"end":{"line":73,"column":1}},"type":"if","locations":[{"start":{"line":69,"column":0},"end":{"line":73,"column":1}},{"start":{},"end":{}}],"line":69}},"s":{"0":1,"1":1,"2":1,"3":1,"4":1,"5":1,"6":1,"7":1,"8":1,"9":1,"10":1,"11":1,"12":1,"13":1,"14":1,"15":1,"16":1,"17":1,"18":1,"19":1,"20":1,"21":1,"22":1,"23":1,"24":1,"25":1,"26":1,"27":1,"28":1,"29":1,"30":1,"31":1,"32":1,"33":1,"34":1,"35":0,"36":0,"37":0,"38":0,"39":0,"40":0,"41":0,"42":0,"43":1,"44":0,"45":0,"46":1},"f":{"0":1,"1":0,"2":0,"3":0},"b":{"0":[1,0],"1":[1,1],"2":[0,0],"3":[0,1]},"_coverageSchema":"1a1c01bbd47fc00a2c39e90264f33305004495a9","hash":"8a9dd6ee47a2d054e582e046feef28bb3538d97c"}
,"/home/jrat/Documents/temp (copy)/digitalHR_13_march_2025 (2)/digitalHR_13_march_2025/backend/config/db.js": {"path":"/home/jrat/Documents/temp (copy)/digitalHR_13_march_2025 (2)/digitalHR_13_march_2025/backend/config/db.js","statementMap":{"0":{"start":{"line":1,"column":17},"end":{"line":1,"column":36}},"1":{"start":{"line":2,"column":15},"end":{"line":2,"column":45}},"2":{"start":{"line":3,"column":19},"end":{"line":3,"column":39}},"3":{"start":{"line":5,"column":23},"end":{"line":21,"column":1}},"4":{"start":{"line":6,"column":2},"end":{"line":20,"column":3}},"5":{"start":{"line":7,"column":20},"end":{"line":7,"column":54}},"6":{"start":{"line":8,"column":4},"end":{"line":12,"column":6}},"7":{"start":{"line":13,"column":4},"end":{"line":15,"column":6}},"8":{"start":{"line":17,"column":4},"end":{"line":17,"column":70}},"9":{"start":{"line":18,"column":4},"end":{"line":18,"column":47}},"10":{"start":{"line":19,"column":4},"end":{"line":19,"column":20}},"11":{"start":{"line":23,"column":0},"end":{"line":23,"column":46}}},"fnMap":{"0":{"name":"(anonymous_0)","decl":{"start":{"line":5,"column":23},"end":{"line":5,"column":24}},"loc":{"start":{"line":5,"column":35},"end":{"line":21,"column":1}},"line":5}},"branchMap":{},"s":{"0":1,"1":1,"2":1,"3":1,"4":1,"5":1,"6":1,"7":1,"8":0,"9":0,"10":0,"11":1},"f":{"0":1},"b":{},"_coverageSchema":"1a1c01bbd47fc00a2c39e90264f33305004495a9","hash":"4254bcece46a65f2135e98ae546523f70c2425ad"}
,"/home/jrat/Documents/temp (copy)/digitalHR_13_march_2025 (2)/digitalHR_13_march_2025/backend/config/logger.js": {"path":"/home/jrat/Documents/temp (copy)/digitalHR_13_march_2025 (2)/digitalHR_13_march_2025/backend/config/logger.js","statementMap":{"0":{"start":{"line":1,"column":16},"end":{"line":1,"column":34}},"1":{"start":{"line":2,"column":56},"end":{"line":2,"column":70}},"2":{"start":{"line":5,"column":15},"end":{"line":21,"column":2}},"3":{"start":{"line":13,"column":21},"end":{"line":13,"column":73}},"4":{"start":{"line":23,"column":0},"end":{"line":23,"column":24}}},"fnMap":{"0":{"name":"(anonymous_0)","decl":{"start":{"line":13,"column":11},"end":{"line":13,"column":12}},"loc":{"start":{"line":13,"column":21},"end":{"line":13,"column":73}},"line":13}},"branchMap":{},"s":{"0":1,"1":1,"2":1,"3":2,"4":1},"f":{"0":2},"b":{},"_coverageSchema":"1a1c01bbd47fc00a2c39e90264f33305004495a9","hash":"95bf05eb9ac9c8dd49c20735be7f9fd170d72253"}
,"/home/jrat/Documents/temp (copy)/digitalHR_13_march_2025 (2)/digitalHR_13_march_2025/backend/controllers/attendance.js": {"path":"/home/jrat/Documents/temp (copy)/digitalHR_13_march_2025 (2)/digitalHR_13_march_2025/backend/controllers/attendance.js","statementMap":{"0":{"start":{"line":1,"column":42},"end":{"line":1,"column":70}},"1":{"start":{"line":2,"column":15},"end":{"line":2,"column":45}},"2":{"start":{"line":3,"column":19},"end":{"line":3,"column":53}},"3":{"start":{"line":8,"column":26},"end":{"line":25,"column":1}},"4":{"start":{"line":9,"column":15},"end":{"line":9,"column":23}},"5":{"start":{"line":10,"column":13},"end":{"line":10,"column":75}},"6":{"start":{"line":12,"column":2},"end":{"line":24,"column":3}},"7":{"start":{"line":13,"column":4},"end":{"line":15,"column":6}},"8":{"start":{"line":16,"column":4},"end":{"line":18,"column":66}},"9":{"start":{"line":20,"column":4},"end":{"line":22,"column":6}},"10":{"start":{"line":23,"column":4},"end":{"line":23,"column":71}},"11":{"start":{"line":30,"column":22},"end":{"line":109,"column":1}},"12":{"start":{"line":31,"column":17},"end":{"line":31,"column":38}},"13":{"start":{"line":32,"column":13},"end":{"line":32,"column":75}},"14":{"start":{"line":33,"column":15},"end":{"line":33,"column":23}},"15":{"start":{"line":34,"column":15},"end":{"line":34,"column":31}},"16":{"start":{"line":35,"column":23},"end":{"line":35,"column":40}},"17":{"start":{"line":37,"column":2},"end":{"line":37,"column":38}},"18":{"start":{"line":39,"column":2},"end":{"line":39,"column":63}},"19":{"start":{"line":41,"column":2},"end":{"line":46,"column":3}},"20":{"start":{"line":42,"column":4},"end":{"line":44,"column":6}},"21":{"start":{"line":45,"column":4},"end":{"line":45,"column":60}},"22":{"start":{"line":48,"column":2},"end":{"line":108,"column":3}},"23":{"start":{"line":49,"column":28},"end":{"line":49,"column":30}},"24":{"start":{"line":50,"column":20},"end":{"line":50,"column":22}},"25":{"start":{"line":53,"column":4},"end":{"line":89,"column":5}},"26":{"start":{"line":53,"column":17},"end":{"line":53,"column":18}},"27":{"start":{"line":54,"column":6},"end":{"line":88,"column":7}},"28":{"start":{"line":55,"column":27},"end":{"line":75,"column":10}},"29":{"start":{"line":77,"column":8},"end":{"line":77,"column":32}},"30":{"start":{"line":79,"column":8},"end":{"line":81,"column":10}},"31":{"start":{"line":82,"column":8},"end":{"line":82,"column":43}},"32":{"start":{"line":84,"column":8},"end":{"line":86,"column":10}},"33":{"start":{"line":87,"column":8},"end":{"line":87,"column":79}},"34":{"start":{"line":91,"column":4},"end":{"line":102,"column":5}},"35":{"start":{"line":92,"column":6},"end":{"line":96,"column":9}},"36":{"start":{"line":98,"column":6},"end":{"line":101,"column":9}},"37":{"start":{"line":104,"column":4},"end":{"line":106,"column":6}},"38":{"start":{"line":107,"column":4},"end":{"line":107,"column":71}},"39":{"start":{"line":114,"column":28},"end":{"line":169,"column":1}},"40":{"start":{"line":115,"column":17},"end":{"line":115,"column":38}},"41":{"start":{"line":116,"column":13},"end":{"line":116,"column":75}},"42":{"start":{"line":117,"column":15},"end":{"line":117,"column":23}},"43":{"start":{"line":118,"column":15},"end":{"line":118,"column":31}},"44":{"start":{"line":120,"column":2},"end":{"line":120,"column":38}},"45":{"start":{"line":121,"column":2},"end":{"line":121,"column":59}},"46":{"start":{"line":124,"column":2},"end":{"line":129,"column":3}},"47":{"start":{"line":125,"column":4},"end":{"line":127,"column":6}},"48":{"start":{"line":128,"column":4},"end":{"line":128,"column":60}},"49":{"start":{"line":131,"column":2},"end":{"line":168,"column":3}},"50":{"start":{"line":132,"column":4},"end":{"line":162,"column":5}},"51":{"start":{"line":133,"column":25},"end":{"line":146,"column":8}},"52":{"start":{"line":148,"column":6},"end":{"line":150,"column":8}},"53":{"start":{"line":151,"column":6},"end":{"line":154,"column":9}},"54":{"start":{"line":156,"column":6},"end":{"line":158,"column":8}},"55":{"start":{"line":159,"column":6},"end":{"line":161,"column":9}},"56":{"start":{"line":164,"column":4},"end":{"line":166,"column":6}},"57":{"start":{"line":167,"column":4},"end":{"line":167,"column":71}},"58":{"start":{"line":174,"column":33},"end":{"line":200,"column":1}},"59":{"start":{"line":175,"column":25},"end":{"line":175,"column":50}},"60":{"start":{"line":176,"column":15},"end":{"line":176,"column":23}},"61":{"start":{"line":177,"column":13},"end":{"line":177,"column":75}},"62":{"start":{"line":179,"column":2},"end":{"line":199,"column":3}},"63":{"start":{"line":180,"column":23},"end":{"line":182,"column":31}},"64":{"start":{"line":183,"column":4},"end":{"line":193,"column":5}},"65":{"start":{"line":184,"column":6},"end":{"line":186,"column":8}},"66":{"start":{"line":187,"column":6},"end":{"line":187,"column":46}},"67":{"start":{"line":189,"column":6},"end":{"line":191,"column":8}},"68":{"start":{"line":192,"column":6},"end":{"line":192,"column":71}},"69":{"start":{"line":195,"column":4},"end":{"line":197,"column":6}},"70":{"start":{"line":198,"column":4},"end":{"line":198,"column":71}},"71":{"start":{"line":205,"column":26},"end":{"line":236,"column":1}},"72":{"start":{"line":206,"column":2},"end":{"line":206,"column":52}},"73":{"start":{"line":207,"column":15},"end":{"line":207,"column":31}},"74":{"start":{"line":208,"column":25},"end":{"line":208,"column":50}},"75":{"start":{"line":209,"column":21},"end":{"line":209,"column":42}},"76":{"start":{"line":211,"column":15},"end":{"line":211,"column":23}},"77":{"start":{"line":212,"column":13},"end":{"line":212,"column":75}},"78":{"start":{"line":214,"column":2},"end":{"line":235,"column":3}},"79":{"start":{"line":215,"column":23},"end":{"line":218,"column":6}},"80":{"start":{"line":219,"column":4},"end":{"line":229,"column":5}},"81":{"start":{"line":220,"column":6},"end":{"line":222,"column":8}},"82":{"start":{"line":223,"column":6},"end":{"line":223,"column":46}},"83":{"start":{"line":225,"column":6},"end":{"line":227,"column":8}},"84":{"start":{"line":228,"column":6},"end":{"line":228,"column":71}},"85":{"start":{"line":231,"column":4},"end":{"line":233,"column":6}},"86":{"start":{"line":234,"column":4},"end":{"line":234,"column":71}},"87":{"start":{"line":241,"column":28},"end":{"line":275,"column":1}},"88":{"start":{"line":242,"column":25},"end":{"line":242,"column":38}},"89":{"start":{"line":243,"column":15},"end":{"line":243,"column":23}},"90":{"start":{"line":244,"column":13},"end":{"line":244,"column":75}},"91":{"start":{"line":246,"column":2},"end":{"line":274,"column":3}},"92":{"start":{"line":247,"column":4},"end":{"line":268,"column":5}},"93":{"start":{"line":248,"column":25},"end":{"line":250,"column":49}},"94":{"start":{"line":251,"column":6},"end":{"line":262,"column":7}},"95":{"start":{"line":252,"column":8},"end":{"line":254,"column":10}},"96":{"start":{"line":256,"column":8},"end":{"line":256,"column":48}},"97":{"start":{"line":258,"column":8},"end":{"line":260,"column":10}},"98":{"start":{"line":261,"column":8},"end":{"line":261,"column":73}},"99":{"start":{"line":264,"column":6},"end":{"line":266,"column":8}},"100":{"start":{"line":267,"column":6},"end":{"line":267,"column":76}},"101":{"start":{"line":270,"column":4},"end":{"line":272,"column":6}},"102":{"start":{"line":273,"column":4},"end":{"line":273,"column":71}},"103":{"start":{"line":280,"column":27},"end":{"line":333,"column":1}},"104":{"start":{"line":281,"column":15},"end":{"line":281,"column":31}},"105":{"start":{"line":282,"column":28},"end":{"line":282,"column":38}},"106":{"start":{"line":283,"column":15},"end":{"line":283,"column":23}},"107":{"start":{"line":284,"column":13},"end":{"line":284,"column":75}},"108":{"start":{"line":286,"column":2},"end":{"line":332,"column":3}},"109":{"start":{"line":287,"column":4},"end":{"line":326,"column":5}},"110":{"start":{"line":289,"column":25},"end":{"line":308,"column":7}},"111":{"start":{"line":310,"column":6},"end":{"line":320,"column":7}},"112":{"start":{"line":311,"column":8},"end":{"line":313,"column":10}},"113":{"start":{"line":314,"column":8},"end":{"line":314,"column":48}},"114":{"start":{"line":316,"column":8},"end":{"line":318,"column":10}},"115":{"start":{"line":319,"column":8},"end":{"line":319,"column":73}},"116":{"start":{"line":322,"column":6},"end":{"line":324,"column":8}},"117":{"start":{"line":325,"column":6},"end":{"line":325,"column":76}},"118":{"start":{"line":328,"column":4},"end":{"line":330,"column":6}},"119":{"start":{"line":331,"column":4},"end":{"line":331,"column":71}},"120":{"start":{"line":338,"column":30},"end":{"line":373,"column":1}},"121":{"start":{"line":339,"column":28},"end":{"line":339,"column":38}},"122":{"start":{"line":340,"column":2},"end":{"line":340,"column":46}},"123":{"start":{"line":341,"column":15},"end":{"line":341,"column":23}},"124":{"start":{"line":342,"column":13},"end":{"line":342,"column":75}},"125":{"start":{"line":344,"column":2},"end":{"line":372,"column":3}},"126":{"start":{"line":345,"column":4},"end":{"line":366,"column":5}},"127":{"start":{"line":346,"column":25},"end":{"line":348,"column":8}},"128":{"start":{"line":350,"column":6},"end":{"line":360,"column":7}},"129":{"start":{"line":351,"column":8},"end":{"line":353,"column":10}},"130":{"start":{"line":354,"column":8},"end":{"line":354,"column":48}},"131":{"start":{"line":356,"column":8},"end":{"line":358,"column":10}},"132":{"start":{"line":359,"column":8},"end":{"line":359,"column":73}},"133":{"start":{"line":362,"column":6},"end":{"line":364,"column":8}},"134":{"start":{"line":365,"column":6},"end":{"line":365,"column":76}},"135":{"start":{"line":368,"column":4},"end":{"line":370,"column":6}},"136":{"start":{"line":371,"column":4},"end":{"line":371,"column":71}},"137":{"start":{"line":378,"column":27},"end":{"line":427,"column":1}},"138":{"start":{"line":379,"column":25},"end":{"line":379,"column":35}},"139":{"start":{"line":380,"column":15},"end":{"line":380,"column":31}},"140":{"start":{"line":381,"column":15},"end":{"line":381,"column":23}},"141":{"start":{"line":382,"column":13},"end":{"line":382,"column":75}},"142":{"start":{"line":384,"column":2},"end":{"line":426,"column":3}},"143":{"start":{"line":385,"column":4},"end":{"line":385,"column":40}},"144":{"start":{"line":386,"column":4},"end":{"line":386,"column":41}},"145":{"start":{"line":387,"column":4},"end":{"line":387,"column":32}},"146":{"start":{"line":389,"column":4},"end":{"line":420,"column":5}},"147":{"start":{"line":391,"column":25},"end":{"line":402,"column":31}},"148":{"start":{"line":404,"column":6},"end":{"line":414,"column":7}},"149":{"start":{"line":405,"column":8},"end":{"line":407,"column":10}},"150":{"start":{"line":408,"column":8},"end":{"line":408,"column":48}},"151":{"start":{"line":410,"column":8},"end":{"line":412,"column":10}},"152":{"start":{"line":413,"column":8},"end":{"line":413,"column":73}},"153":{"start":{"line":416,"column":6},"end":{"line":418,"column":8}},"154":{"start":{"line":419,"column":6},"end":{"line":419,"column":76}},"155":{"start":{"line":422,"column":4},"end":{"line":424,"column":6}},"156":{"start":{"line":425,"column":4},"end":{"line":425,"column":71}},"157":{"start":{"line":432,"column":28},"end":{"line":472,"column":1}},"158":{"start":{"line":433,"column":20},"end":{"line":433,"column":30}},"159":{"start":{"line":434,"column":15},"end":{"line":434,"column":31}},"160":{"start":{"line":435,"column":15},"end":{"line":435,"column":23}},"161":{"start":{"line":436,"column":13},"end":{"line":436,"column":75}},"162":{"start":{"line":438,"column":2},"end":{"line":471,"column":3}},"163":{"start":{"line":439,"column":4},"end":{"line":439,"column":41}},"164":{"start":{"line":440,"column":4},"end":{"line":440,"column":32}},"165":{"start":{"line":442,"column":4},"end":{"line":465,"column":5}},"166":{"start":{"line":444,"column":25},"end":{"line":447,"column":32}},"167":{"start":{"line":449,"column":6},"end":{"line":459,"column":7}},"168":{"start":{"line":450,"column":8},"end":{"line":452,"column":10}},"169":{"start":{"line":453,"column":8},"end":{"line":453,"column":48}},"170":{"start":{"line":455,"column":8},"end":{"line":457,"column":10}},"171":{"start":{"line":458,"column":8},"end":{"line":458,"column":73}},"172":{"start":{"line":461,"column":6},"end":{"line":463,"column":8}},"173":{"start":{"line":464,"column":6},"end":{"line":464,"column":76}},"174":{"start":{"line":467,"column":4},"end":{"line":469,"column":6}},"175":{"start":{"line":470,"column":4},"end":{"line":470,"column":71}},"176":{"start":{"line":477,"column":34},"end":{"line":517,"column":1}},"177":{"start":{"line":478,"column":15},"end":{"line":478,"column":31}},"178":{"start":{"line":479,"column":17},"end":{"line":479,"column":27}},"179":{"start":{"line":480,"column":15},"end":{"line":480,"column":23}},"180":{"start":{"line":481,"column":13},"end":{"line":481,"column":75}},"181":{"start":{"line":483,"column":2},"end":{"line":516,"column":3}},"182":{"start":{"line":484,"column":4},"end":{"line":510,"column":5}},"183":{"start":{"line":485,"column":25},"end":{"line":487,"column":8}},"184":{"start":{"line":488,"column":6},"end":{"line":504,"column":7}},"185":{"start":{"line":489,"column":8},"end":{"line":493,"column":11}},"186":{"start":{"line":494,"column":8},"end":{"line":494,"column":32}},"187":{"start":{"line":495,"column":8},"end":{"line":497,"column":10}},"188":{"start":{"line":498,"column":8},"end":{"line":498,"column":48}},"189":{"start":{"line":500,"column":8},"end":{"line":502,"column":10}},"190":{"start":{"line":503,"column":8},"end":{"line":503,"column":73}},"191":{"start":{"line":506,"column":6},"end":{"line":508,"column":8}},"192":{"start":{"line":509,"column":6},"end":{"line":509,"column":76}},"193":{"start":{"line":512,"column":4},"end":{"line":514,"column":6}},"194":{"start":{"line":515,"column":4},"end":{"line":515,"column":71}},"195":{"start":{"line":519,"column":0},"end":{"line":532,"column":2}}},"fnMap":{"0":{"name":"(anonymous_0)","decl":{"start":{"line":8,"column":26},"end":{"line":8,"column":27}},"loc":{"start":{"line":8,"column":46},"end":{"line":25,"column":1}},"line":8},"1":{"name":"(anonymous_1)","decl":{"start":{"line":30,"column":22},"end":{"line":30,"column":23}},"loc":{"start":{"line":30,"column":42},"end":{"line":109,"column":1}},"line":30},"2":{"name":"(anonymous_2)","decl":{"start":{"line":114,"column":28},"end":{"line":114,"column":29}},"loc":{"start":{"line":114,"column":48},"end":{"line":169,"column":1}},"line":114},"3":{"name":"(anonymous_3)","decl":{"start":{"line":174,"column":33},"end":{"line":174,"column":34}},"loc":{"start":{"line":174,"column":53},"end":{"line":200,"column":1}},"line":174},"4":{"name":"(anonymous_4)","decl":{"start":{"line":205,"column":26},"end":{"line":205,"column":27}},"loc":{"start":{"line":205,"column":46},"end":{"line":236,"column":1}},"line":205},"5":{"name":"(anonymous_5)","decl":{"start":{"line":241,"column":28},"end":{"line":241,"column":29}},"loc":{"start":{"line":241,"column":48},"end":{"line":275,"column":1}},"line":241},"6":{"name":"(anonymous_6)","decl":{"start":{"line":280,"column":27},"end":{"line":280,"column":28}},"loc":{"start":{"line":280,"column":47},"end":{"line":333,"column":1}},"line":280},"7":{"name":"(anonymous_7)","decl":{"start":{"line":338,"column":30},"end":{"line":338,"column":31}},"loc":{"start":{"line":338,"column":50},"end":{"line":373,"column":1}},"line":338},"8":{"name":"(anonymous_8)","decl":{"start":{"line":378,"column":27},"end":{"line":378,"column":28}},"loc":{"start":{"line":378,"column":47},"end":{"line":427,"column":1}},"line":378},"9":{"name":"(anonymous_9)","decl":{"start":{"line":432,"column":28},"end":{"line":432,"column":29}},"loc":{"start":{"line":432,"column":48},"end":{"line":472,"column":1}},"line":432},"10":{"name":"(anonymous_10)","decl":{"start":{"line":477,"column":34},"end":{"line":477,"column":35}},"loc":{"start":{"line":477,"column":54},"end":{"line":517,"column":1}},"line":477}},"branchMap":{"0":{"loc":{"start":{"line":10,"column":13},"end":{"line":10,"column":75}},"type":"binary-expr","locations":[{"start":{"line":10,"column":13},"end":{"line":10,"column":43}},{"start":{"line":10,"column":47},"end":{"line":10,"column":75}}],"line":10},"1":{"loc":{"start":{"line":12,"column":2},"end":{"line":24,"column":3}},"type":"if","locations":[{"start":{"line":12,"column":2},"end":{"line":24,"column":3}},{"start":{"line":19,"column":9},"end":{"line":24,"column":3}}],"line":12},"2":{"loc":{"start":{"line":32,"column":13},"end":{"line":32,"column":75}},"type":"binary-expr","locations":[{"start":{"line":32,"column":13},"end":{"line":32,"column":43}},{"start":{"line":32,"column":47},"end":{"line":32,"column":75}}],"line":32},"3":{"loc":{"start":{"line":41,"column":2},"end":{"line":46,"column":3}},"type":"if","locations":[{"start":{"line":41,"column":2},"end":{"line":46,"column":3}},{"start":{},"end":{}}],"line":41},"4":{"loc":{"start":{"line":48,"column":2},"end":{"line":108,"column":3}},"type":"if","locations":[{"start":{"line":48,"column":2},"end":{"line":108,"column":3}},{"start":{"line":103,"column":9},"end":{"line":108,"column":3}}],"line":48},"5":{"loc":{"start":{"line":74,"column":18},"end":{"line":74,"column":48}},"type":"binary-expr","locations":[{"start":{"line":74,"column":18},"end":{"line":74,"column":40}},{"start":{"line":74,"column":44},"end":{"line":74,"column":48}}],"line":74},"6":{"loc":{"start":{"line":91,"column":4},"end":{"line":102,"column":5}},"type":"if","locations":[{"start":{"line":91,"column":4},"end":{"line":102,"column":5}},{"start":{"line":97,"column":11},"end":{"line":102,"column":5}}],"line":91},"7":{"loc":{"start":{"line":116,"column":13},"end":{"line":116,"column":75}},"type":"binary-expr","locations":[{"start":{"line":116,"column":13},"end":{"line":116,"column":43}},{"start":{"line":116,"column":47},"end":{"line":116,"column":75}}],"line":116},"8":{"loc":{"start":{"line":124,"column":2},"end":{"line":129,"column":3}},"type":"if","locations":[{"start":{"line":124,"column":2},"end":{"line":129,"column":3}},{"start":{},"end":{}}],"line":124},"9":{"loc":{"start":{"line":131,"column":2},"end":{"line":168,"column":3}},"type":"if","locations":[{"start":{"line":131,"column":2},"end":{"line":168,"column":3}},{"start":{"line":163,"column":9},"end":{"line":168,"column":3}}],"line":131},"10":{"loc":{"start":{"line":145,"column":16},"end":{"line":145,"column":35}},"type":"binary-expr","locations":[{"start":{"line":145,"column":16},"end":{"line":145,"column":27}},{"start":{"line":145,"column":31},"end":{"line":145,"column":35}}],"line":145},"11":{"loc":{"start":{"line":177,"column":13},"end":{"line":177,"column":75}},"type":"binary-expr","locations":[{"start":{"line":177,"column":13},"end":{"line":177,"column":43}},{"start":{"line":177,"column":47},"end":{"line":177,"column":75}}],"line":177},"12":{"loc":{"start":{"line":179,"column":2},"end":{"line":199,"column":3}},"type":"if","locations":[{"start":{"line":179,"column":2},"end":{"line":199,"column":3}},{"start":{"line":194,"column":9},"end":{"line":199,"column":3}}],"line":179},"13":{"loc":{"start":{"line":183,"column":4},"end":{"line":193,"column":5}},"type":"if","locations":[{"start":{"line":183,"column":4},"end":{"line":193,"column":5}},{"start":{"line":188,"column":11},"end":{"line":193,"column":5}}],"line":183},"14":{"loc":{"start":{"line":212,"column":13},"end":{"line":212,"column":75}},"type":"binary-expr","locations":[{"start":{"line":212,"column":13},"end":{"line":212,"column":43}},{"start":{"line":212,"column":47},"end":{"line":212,"column":75}}],"line":212},"15":{"loc":{"start":{"line":214,"column":2},"end":{"line":235,"column":3}},"type":"if","locations":[{"start":{"line":214,"column":2},"end":{"line":235,"column":3}},{"start":{"line":230,"column":9},"end":{"line":235,"column":3}}],"line":214},"16":{"loc":{"start":{"line":219,"column":4},"end":{"line":229,"column":5}},"type":"if","locations":[{"start":{"line":219,"column":4},"end":{"line":229,"column":5}},{"start":{"line":224,"column":11},"end":{"line":229,"column":5}}],"line":219},"17":{"loc":{"start":{"line":244,"column":13},"end":{"line":244,"column":75}},"type":"binary-expr","locations":[{"start":{"line":244,"column":13},"end":{"line":244,"column":43}},{"start":{"line":244,"column":47},"end":{"line":244,"column":75}}],"line":244},"18":{"loc":{"start":{"line":246,"column":2},"end":{"line":274,"column":3}},"type":"if","locations":[{"start":{"line":246,"column":2},"end":{"line":274,"column":3}},{"start":{"line":269,"column":9},"end":{"line":274,"column":3}}],"line":246},"19":{"loc":{"start":{"line":251,"column":6},"end":{"line":262,"column":7}},"type":"if","locations":[{"start":{"line":251,"column":6},"end":{"line":262,"column":7}},{"start":{"line":257,"column":13},"end":{"line":262,"column":7}}],"line":251},"20":{"loc":{"start":{"line":284,"column":13},"end":{"line":284,"column":75}},"type":"binary-expr","locations":[{"start":{"line":284,"column":13},"end":{"line":284,"column":43}},{"start":{"line":284,"column":47},"end":{"line":284,"column":75}}],"line":284},"21":{"loc":{"start":{"line":286,"column":2},"end":{"line":332,"column":3}},"type":"if","locations":[{"start":{"line":286,"column":2},"end":{"line":332,"column":3}},{"start":{"line":327,"column":9},"end":{"line":332,"column":3}}],"line":286},"22":{"loc":{"start":{"line":310,"column":6},"end":{"line":320,"column":7}},"type":"if","locations":[{"start":{"line":310,"column":6},"end":{"line":320,"column":7}},{"start":{"line":315,"column":13},"end":{"line":320,"column":7}}],"line":310},"23":{"loc":{"start":{"line":342,"column":13},"end":{"line":342,"column":75}},"type":"binary-expr","locations":[{"start":{"line":342,"column":13},"end":{"line":342,"column":43}},{"start":{"line":342,"column":47},"end":{"line":342,"column":75}}],"line":342},"24":{"loc":{"start":{"line":344,"column":2},"end":{"line":372,"column":3}},"type":"if","locations":[{"start":{"line":344,"column":2},"end":{"line":372,"column":3}},{"start":{"line":367,"column":9},"end":{"line":372,"column":3}}],"line":344},"25":{"loc":{"start":{"line":350,"column":6},"end":{"line":360,"column":7}},"type":"if","locations":[{"start":{"line":350,"column":6},"end":{"line":360,"column":7}},{"start":{"line":355,"column":13},"end":{"line":360,"column":7}}],"line":350},"26":{"loc":{"start":{"line":382,"column":13},"end":{"line":382,"column":75}},"type":"binary-expr","locations":[{"start":{"line":382,"column":13},"end":{"line":382,"column":43}},{"start":{"line":382,"column":47},"end":{"line":382,"column":75}}],"line":382},"27":{"loc":{"start":{"line":384,"column":2},"end":{"line":426,"column":3}},"type":"if","locations":[{"start":{"line":384,"column":2},"end":{"line":426,"column":3}},{"start":{"line":421,"column":9},"end":{"line":426,"column":3}}],"line":384},"28":{"loc":{"start":{"line":404,"column":6},"end":{"line":414,"column":7}},"type":"if","locations":[{"start":{"line":404,"column":6},"end":{"line":414,"column":7}},{"start":{"line":409,"column":13},"end":{"line":414,"column":7}}],"line":404},"29":{"loc":{"start":{"line":404,"column":10},"end":{"line":404,"column":45}},"type":"binary-expr","locations":[{"start":{"line":404,"column":10},"end":{"line":404,"column":20}},{"start":{"line":404,"column":24},"end":{"line":404,"column":45}}],"line":404},"30":{"loc":{"start":{"line":436,"column":13},"end":{"line":436,"column":75}},"type":"binary-expr","locations":[{"start":{"line":436,"column":13},"end":{"line":436,"column":43}},{"start":{"line":436,"column":47},"end":{"line":436,"column":75}}],"line":436},"31":{"loc":{"start":{"line":438,"column":2},"end":{"line":471,"column":3}},"type":"if","locations":[{"start":{"line":438,"column":2},"end":{"line":471,"column":3}},{"start":{"line":466,"column":9},"end":{"line":471,"column":3}}],"line":438},"32":{"loc":{"start":{"line":449,"column":6},"end":{"line":459,"column":7}},"type":"if","locations":[{"start":{"line":449,"column":6},"end":{"line":459,"column":7}},{"start":{"line":454,"column":13},"end":{"line":459,"column":7}}],"line":449},"33":{"loc":{"start":{"line":449,"column":10},"end":{"line":449,"column":45}},"type":"binary-expr","locations":[{"start":{"line":449,"column":10},"end":{"line":449,"column":20}},{"start":{"line":449,"column":24},"end":{"line":449,"column":45}}],"line":449},"34":{"loc":{"start":{"line":481,"column":13},"end":{"line":481,"column":75}},"type":"binary-expr","locations":[{"start":{"line":481,"column":13},"end":{"line":481,"column":43}},{"start":{"line":481,"column":47},"end":{"line":481,"column":75}}],"line":481},"35":{"loc":{"start":{"line":483,"column":2},"end":{"line":516,"column":3}},"type":"if","locations":[{"start":{"line":483,"column":2},"end":{"line":516,"column":3}},{"start":{"line":511,"column":9},"end":{"line":516,"column":3}}],"line":483},"36":{"loc":{"start":{"line":488,"column":6},"end":{"line":504,"column":7}},"type":"if","locations":[{"start":{"line":488,"column":6},"end":{"line":504,"column":7}},{"start":{"line":499,"column":13},"end":{"line":504,"column":7}}],"line":488}},"s":{"0":1,"1":1,"2":1,"3":1,"4":0,"5":0,"6":0,"7":0,"8":0,"9":0,"10":0,"11":1,"12":0,"13":0,"14":0,"15":0,"16":0,"17":0,"18":0,"19":0,"20":0,"21":0,"22":0,"23":0,"24":0,"25":0,"26":0,"27":0,"28":0,"29":0,"30":0,"31":0,"32":0,"33":0,"34":0,"35":0,"36":0,"37":0,"38":0,"39":1,"40":0,"41":0,"42":0,"43":0,"44":0,"45":0,"46":0,"47":0,"48":0,"49":0,"50":0,"51":0,"52":0,"53":0,"54":0,"55":0,"56":0,"57":0,"58":1,"59":0,"60":0,"61":0,"62":0,"63":0,"64":0,"65":0,"66":0,"67":0,"68":0,"69":0,"70":0,"71":1,"72":0,"73":0,"74":0,"75":0,"76":0,"77":0,"78":0,"79":0,"80":0,"81":0,"82":0,"83":0,"84":0,"85":0,"86":0,"87":1,"88":0,"89":0,"90":0,"91":0,"92":0,"93":0,"94":0,"95":0,"96":0,"97":0,"98":0,"99":0,"100":0,"101":0,"102":0,"103":1,"104":0,"105":0,"106":0,"107":0,"108":0,"109":0,"110":0,"111":0,"112":0,"113":0,"114":0,"115":0,"116":0,"117":0,"118":0,"119":0,"120":1,"121":0,"122":0,"123":0,"124":0,"125":0,"126":0,"127":0,"128":0,"129":0,"130":0,"131":0,"132":0,"133":0,"134":0,"135":0,"136":0,"137":1,"138":0,"139":0,"140":0,"141":0,"142":0,"143":0,"144":0,"145":0,"146":0,"147":0,"148":0,"149":0,"150":0,"151":0,"152":0,"153":0,"154":0,"155":0,"156":0,"157":1,"158":0,"159":0,"160":0,"161":0,"162":0,"163":0,"164":0,"165":0,"166":0,"167":0,"168":0,"169":0,"170":0,"171":0,"172":0,"173":0,"174":0,"175":0,"176":1,"177":0,"178":0,"179":0,"180":0,"181":0,"182":0,"183":0,"184":0,"185":0,"186":0,"187":0,"188":0,"189":0,"190":0,"191":0,"192":0,"193":0,"194":0,"195":1},"f":{"0":0,"1":0,"2":0,"3":0,"4":0,"5":0,"6":0,"7":0,"8":0,"9":0,"10":0},"b":{"0":[0,0],"1":[0,0],"2":[0,0],"3":[0,0],"4":[0,0],"5":[0,0],"6":[0,0],"7":[0,0],"8":[0,0],"9":[0,0],"10":[0,0],"11":[0,0],"12":[0,0],"13":[0,0],"14":[0,0],"15":[0,0],"16":[0,0],"17":[0,0],"18":[0,0],"19":[0,0],"20":[0,0],"21":[0,0],"22":[0,0],"23":[0,0],"24":[0,0],"25":[0,0],"26":[0,0],"27":[0,0],"28":[0,0],"29":[0,0],"30":[0,0],"31":[0,0],"32":[0,0],"33":[0,0],"34":[0,0],"35":[0,0],"36":[0,0]},"_coverageSchema":"1a1c01bbd47fc00a2c39e90264f33305004495a9","hash":"26acdd7f83d38dda3c9dacfb284faeb7f2f33e2a"}
,"/home/jrat/Documents/temp (copy)/digitalHR_13_march_2025 (2)/digitalHR_13_march_2025/backend/controllers/client.js": {"path":"/home/jrat/Documents/temp (copy)/digitalHR_13_march_2025 (2)/digitalHR_13_march_2025/backend/controllers/client.js","statementMap":{"0":{"start":{"line":1,"column":12},"end":{"line":1,"column":35}},"1":{"start":{"line":2,"column":15},"end":{"line":2,"column":41}},"2":{"start":{"line":3,"column":42},"end":{"line":3,"column":70}},"3":{"start":{"line":4,"column":15},"end":{"line":4,"column":34}},"4":{"start":{"line":5,"column":13},"end":{"line":5,"column":38}},"5":{"start":{"line":6,"column":15},"end":{"line":6,"column":42}},"6":{"start":{"line":7,"column":15},"end":{"line":7,"column":45}},"7":{"start":{"line":9,"column":15},"end":{"line":9,"column":46}},"8":{"start":{"line":14,"column":22},"end":{"line":29,"column":1}},"9":{"start":{"line":15,"column":13},"end":{"line":15,"column":75}},"10":{"start":{"line":16,"column":15},"end":{"line":16,"column":23}},"11":{"start":{"line":18,"column":2},"end":{"line":28,"column":3}},"12":{"start":{"line":19,"column":4},"end":{"line":21,"column":6}},"13":{"start":{"line":22,"column":4},"end":{"line":22,"column":64}},"14":{"start":{"line":24,"column":4},"end":{"line":26,"column":6}},"15":{"start":{"line":27,"column":4},"end":{"line":27,"column":73}},"16":{"start":{"line":34,"column":21},"end":{"line":104,"column":1}},"17":{"start":{"line":35,"column":17},"end":{"line":35,"column":38}},"18":{"start":{"line":36,"column":13},"end":{"line":36,"column":75}},"19":{"start":{"line":37,"column":15},"end":{"line":37,"column":23}},"20":{"start":{"line":38,"column":15},"end":{"line":38,"column":31}},"21":{"start":{"line":39,"column":2},"end":{"line":39,"column":28}},"22":{"start":{"line":41,"column":2},"end":{"line":48,"column":3}},"23":{"start":{"line":42,"column":4},"end":{"line":46,"column":6}},"24":{"start":{"line":47,"column":4},"end":{"line":47,"column":60}},"25":{"start":{"line":50,"column":2},"end":{"line":55,"column":3}},"26":{"start":{"line":51,"column":4},"end":{"line":53,"column":6}},"27":{"start":{"line":54,"column":4},"end":{"line":54,"column":71}},"28":{"start":{"line":57,"column":2},"end":{"line":103,"column":3}},"29":{"start":{"line":58,"column":23},"end":{"line":60,"column":6}},"30":{"start":{"line":61,"column":29},"end":{"line":61,"column":50}},"31":{"start":{"line":62,"column":21},"end":{"line":62,"column":60}},"32":{"start":{"line":64,"column":24},"end":{"line":64,"column":48}},"33":{"start":{"line":65,"column":25},"end":{"line":65,"column":50}},"34":{"start":{"line":66,"column":30},"end":{"line":66,"column":74}},"35":{"start":{"line":68,"column":6},"end":{"line":70,"column":34}},"36":{"start":{"line":72,"column":17},"end":{"line":72,"column":41}},"37":{"start":{"line":73,"column":24},"end":{"line":73,"column":62}},"38":{"start":{"line":75,"column":22},"end":{"line":87,"column":6}},"39":{"start":{"line":89,"column":4},"end":{"line":89,"column":40}},"40":{"start":{"line":91,"column":4},"end":{"line":93,"column":6}},"41":{"start":{"line":94,"column":4},"end":{"line":94,"column":43}},"42":{"start":{"line":96,"column":4},"end":{"line":100,"column":6}},"43":{"start":{"line":101,"column":4},"end":{"line":101,"column":21}},"44":{"start":{"line":102,"column":4},"end":{"line":102,"column":74}},"45":{"start":{"line":106,"column":21},"end":{"line":171,"column":1}},"46":{"start":{"line":107,"column":17},"end":{"line":107,"column":38}},"47":{"start":{"line":108,"column":13},"end":{"line":108,"column":75}},"48":{"start":{"line":109,"column":15},"end":{"line":109,"column":23}},"49":{"start":{"line":110,"column":15},"end":{"line":110,"column":31}},"50":{"start":{"line":111,"column":2},"end":{"line":111,"column":28}},"51":{"start":{"line":112,"column":2},"end":{"line":112,"column":38}},"52":{"start":{"line":114,"column":2},"end":{"line":119,"column":3}},"53":{"start":{"line":115,"column":4},"end":{"line":117,"column":6}},"54":{"start":{"line":118,"column":4},"end":{"line":118,"column":71}},"55":{"start":{"line":120,"column":2},"end":{"line":169,"column":3}},"56":{"start":{"line":120,"column":15},"end":{"line":120,"column":16}},"57":{"start":{"line":121,"column":23},"end":{"line":123,"column":6}},"58":{"start":{"line":124,"column":29},"end":{"line":124,"column":50}},"59":{"start":{"line":125,"column":21},"end":{"line":125,"column":74}},"60":{"start":{"line":127,"column":24},"end":{"line":127,"column":48}},"61":{"start":{"line":128,"column":25},"end":{"line":128,"column":50}},"62":{"start":{"line":129,"column":30},"end":{"line":129,"column":74}},"63":{"start":{"line":131,"column":6},"end":{"line":133,"column":34}},"64":{"start":{"line":135,"column":17},"end":{"line":135,"column":41}},"65":{"start":{"line":136,"column":24},"end":{"line":139,"column":5}},"66":{"start":{"line":141,"column":22},"end":{"line":168,"column":6}},"67":{"start":{"line":170,"column":2},"end":{"line":170,"column":47}},"68":{"start":{"line":176,"column":14},"end":{"line":243,"column":1}},"69":{"start":{"line":177,"column":17},"end":{"line":177,"column":38}},"70":{"start":{"line":178,"column":13},"end":{"line":178,"column":75}},"71":{"start":{"line":180,"column":2},"end":{"line":183,"column":3}},"72":{"start":{"line":181,"column":4},"end":{"line":181,"column":75}},"73":{"start":{"line":182,"column":4},"end":{"line":182,"column":60}},"74":{"start":{"line":184,"column":15},"end":{"line":184,"column":31}},"75":{"start":{"line":186,"column":19},"end":{"line":186,"column":32}},"76":{"start":{"line":187,"column":19},"end":{"line":187,"column":32}},"77":{"start":{"line":189,"column":2},"end":{"line":242,"column":3}},"78":{"start":{"line":190,"column":22},"end":{"line":190,"column":56}},"79":{"start":{"line":192,"column":4},"end":{"line":199,"column":5}},"80":{"start":{"line":193,"column":6},"end":{"line":195,"column":8}},"81":{"start":{"line":196,"column":6},"end":{"line":198,"column":62}},"82":{"start":{"line":201,"column":4},"end":{"line":206,"column":5}},"83":{"start":{"line":202,"column":6},"end":{"line":204,"column":8}},"84":{"start":{"line":205,"column":6},"end":{"line":205,"column":65}},"85":{"start":{"line":208,"column":4},"end":{"line":213,"column":5}},"86":{"start":{"line":209,"column":6},"end":{"line":211,"column":8}},"87":{"start":{"line":212,"column":6},"end":{"line":212,"column":79}},"88":{"start":{"line":214,"column":30},"end":{"line":217,"column":5}},"89":{"start":{"line":219,"column":4},"end":{"line":226,"column":5}},"90":{"start":{"line":220,"column":6},"end":{"line":222,"column":8}},"91":{"start":{"line":223,"column":6},"end":{"line":225,"column":62}},"92":{"start":{"line":228,"column":18},"end":{"line":230,"column":6}},"93":{"start":{"line":232,"column":4},"end":{"line":234,"column":6}},"94":{"start":{"line":235,"column":4},"end":{"line":237,"column":70}},"95":{"start":{"line":239,"column":4},"end":{"line":239,"column":73}},"96":{"start":{"line":240,"column":4},"end":{"line":240,"column":23}},"97":{"start":{"line":241,"column":4},"end":{"line":241,"column":69}},"98":{"start":{"line":248,"column":28},"end":{"line":323,"column":1}},"99":{"start":{"line":249,"column":17},"end":{"line":249,"column":38}},"100":{"start":{"line":250,"column":13},"end":{"line":250,"column":75}},"101":{"start":{"line":251,"column":15},"end":{"line":251,"column":23}},"102":{"start":{"line":252,"column":15},"end":{"line":252,"column":31}},"103":{"start":{"line":253,"column":2},"end":{"line":253,"column":28}},"104":{"start":{"line":255,"column":2},"end":{"line":262,"column":3}},"105":{"start":{"line":256,"column":4},"end":{"line":260,"column":6}},"106":{"start":{"line":261,"column":4},"end":{"line":261,"column":60}},"107":{"start":{"line":264,"column":2},"end":{"line":269,"column":3}},"108":{"start":{"line":265,"column":4},"end":{"line":267,"column":6}},"109":{"start":{"line":268,"column":4},"end":{"line":268,"column":71}},"110":{"start":{"line":271,"column":2},"end":{"line":322,"column":3}},"111":{"start":{"line":272,"column":17},"end":{"line":272,"column":41}},"112":{"start":{"line":273,"column":24},"end":{"line":273,"column":62}},"113":{"start":{"line":274,"column":20},"end":{"line":289,"column":5}},"114":{"start":{"line":291,"column":22},"end":{"line":306,"column":5}},"115":{"start":{"line":308,"column":4},"end":{"line":308,"column":40}},"116":{"start":{"line":310,"column":4},"end":{"line":312,"column":6}},"117":{"start":{"line":313,"column":4},"end":{"line":313,"column":41}},"118":{"start":{"line":315,"column":4},"end":{"line":319,"column":6}},"119":{"start":{"line":320,"column":4},"end":{"line":320,"column":21}},"120":{"start":{"line":321,"column":4},"end":{"line":321,"column":74}},"121":{"start":{"line":328,"column":25},"end":{"line":396,"column":1}},"122":{"start":{"line":329,"column":15},"end":{"line":329,"column":23}},"123":{"start":{"line":330,"column":13},"end":{"line":330,"column":26}},"124":{"start":{"line":331,"column":15},"end":{"line":331,"column":31}},"125":{"start":{"line":333,"column":17},"end":{"line":333,"column":38}},"126":{"start":{"line":334,"column":13},"end":{"line":334,"column":75}},"127":{"start":{"line":336,"column":2},"end":{"line":343,"column":3}},"128":{"start":{"line":337,"column":4},"end":{"line":341,"column":6}},"129":{"start":{"line":342,"column":4},"end":{"line":342,"column":60}},"130":{"start":{"line":345,"column":2},"end":{"line":350,"column":3}},"131":{"start":{"line":346,"column":4},"end":{"line":348,"column":6}},"132":{"start":{"line":349,"column":4},"end":{"line":349,"column":71}},"133":{"start":{"line":352,"column":2},"end":{"line":395,"column":3}},"134":{"start":{"line":353,"column":19},"end":{"line":375,"column":5}},"135":{"start":{"line":377,"column":4},"end":{"line":382,"column":5}},"136":{"start":{"line":378,"column":6},"end":{"line":380,"column":8}},"137":{"start":{"line":381,"column":6},"end":{"line":381,"column":67}},"138":{"start":{"line":384,"column":4},"end":{"line":386,"column":6}},"139":{"start":{"line":387,"column":4},"end":{"line":387,"column":40}},"140":{"start":{"line":389,"column":4},"end":{"line":393,"column":6}},"141":{"start":{"line":394,"column":4},"end":{"line":394,"column":74}},"142":{"start":{"line":401,"column":22},"end":{"line":430,"column":1}},"143":{"start":{"line":402,"column":15},"end":{"line":402,"column":23}},"144":{"start":{"line":403,"column":13},"end":{"line":403,"column":75}},"145":{"start":{"line":405,"column":2},"end":{"line":429,"column":3}},"146":{"start":{"line":406,"column":4},"end":{"line":423,"column":5}},"147":{"start":{"line":407,"column":22},"end":{"line":409,"column":35}},"148":{"start":{"line":411,"column":6},"end":{"line":413,"column":8}},"149":{"start":{"line":414,"column":6},"end":{"line":417,"column":9}},"150":{"start":{"line":419,"column":6},"end":{"line":421,"column":8}},"151":{"start":{"line":422,"column":6},"end":{"line":422,"column":73}},"152":{"start":{"line":425,"column":4},"end":{"line":427,"column":6}},"153":{"start":{"line":428,"column":4},"end":{"line":428,"column":69}},"154":{"start":{"line":435,"column":19},"end":{"line":466,"column":1}},"155":{"start":{"line":436,"column":15},"end":{"line":436,"column":23}},"156":{"start":{"line":437,"column":13},"end":{"line":437,"column":75}},"157":{"start":{"line":438,"column":29},"end":{"line":438,"column":39}},"158":{"start":{"line":440,"column":2},"end":{"line":465,"column":3}},"159":{"start":{"line":441,"column":4},"end":{"line":459,"column":5}},"160":{"start":{"line":442,"column":22},"end":{"line":445,"column":35}},"161":{"start":{"line":447,"column":6},"end":{"line":449,"column":8}},"162":{"start":{"line":450,"column":6},"end":{"line":453,"column":9}},"163":{"start":{"line":455,"column":6},"end":{"line":457,"column":8}},"164":{"start":{"line":458,"column":6},"end":{"line":458,"column":73}},"165":{"start":{"line":461,"column":4},"end":{"line":463,"column":6}},"166":{"start":{"line":464,"column":4},"end":{"line":464,"column":69}},"167":{"start":{"line":471,"column":18},"end":{"line":516,"column":1}},"168":{"start":{"line":472,"column":24},"end":{"line":472,"column":32}},"169":{"start":{"line":473,"column":13},"end":{"line":473,"column":75}},"170":{"start":{"line":474,"column":2},"end":{"line":515,"column":3}},"171":{"start":{"line":475,"column":4},"end":{"line":509,"column":5}},"172":{"start":{"line":476,"column":21},"end":{"line":476,"column":31}},"173":{"start":{"line":477,"column":19},"end":{"line":479,"column":35}},"174":{"start":{"line":480,"column":6},"end":{"line":485,"column":7}},"175":{"start":{"line":481,"column":8},"end":{"line":481,"column":42}},"176":{"start":{"line":482,"column":8},"end":{"line":484,"column":38}},"177":{"start":{"line":487,"column":6},"end":{"line":487,"column":36}},"178":{"start":{"line":488,"column":6},"end":{"line":503,"column":7}},"179":{"start":{"line":489,"column":8},"end":{"line":491,"column":10}},"180":{"start":{"line":492,"column":8},"end":{"line":495,"column":11}},"181":{"start":{"line":497,"column":8},"end":{"line":499,"column":10}},"182":{"start":{"line":500,"column":8},"end":{"line":502,"column":11}},"183":{"start":{"line":505,"column":6},"end":{"line":507,"column":8}},"184":{"start":{"line":508,"column":6},"end":{"line":508,"column":73}},"185":{"start":{"line":511,"column":4},"end":{"line":513,"column":6}},"186":{"start":{"line":514,"column":4},"end":{"line":514,"column":69}},"187":{"start":{"line":521,"column":21},"end":{"line":600,"column":1}},"188":{"start":{"line":522,"column":24},"end":{"line":522,"column":32}},"189":{"start":{"line":523,"column":17},"end":{"line":523,"column":27}},"190":{"start":{"line":525,"column":15},"end":{"line":525,"column":31}},"191":{"start":{"line":526,"column":2},"end":{"line":526,"column":30}},"192":{"start":{"line":528,"column":17},"end":{"line":528,"column":38}},"193":{"start":{"line":529,"column":13},"end":{"line":529,"column":75}},"194":{"start":{"line":531,"column":2},"end":{"line":536,"column":3}},"195":{"start":{"line":532,"column":4},"end":{"line":534,"column":6}},"196":{"start":{"line":535,"column":4},"end":{"line":535,"column":60}},"197":{"start":{"line":538,"column":2},"end":{"line":599,"column":3}},"198":{"start":{"line":539,"column":4},"end":{"line":593,"column":5}},"199":{"start":{"line":540,"column":24},"end":{"line":540,"column":57}},"200":{"start":{"line":541,"column":6},"end":{"line":585,"column":7}},"201":{"start":{"line":542,"column":23},"end":{"line":572,"column":9}},"202":{"start":{"line":574,"column":8},"end":{"line":576,"column":10}},"203":{"start":{"line":577,"column":8},"end":{"line":579,"column":74}},"204":{"start":{"line":581,"column":8},"end":{"line":583,"column":10}},"205":{"start":{"line":584,"column":8},"end":{"line":584,"column":69}},"206":{"start":{"line":587,"column":6},"end":{"line":589,"column":8}},"207":{"start":{"line":590,"column":6},"end":{"line":592,"column":64}},"208":{"start":{"line":595,"column":4},"end":{"line":597,"column":6}},"209":{"start":{"line":598,"column":4},"end":{"line":598,"column":71}},"210":{"start":{"line":605,"column":21},"end":{"line":656,"column":1}},"211":{"start":{"line":606,"column":24},"end":{"line":606,"column":32}},"212":{"start":{"line":607,"column":17},"end":{"line":607,"column":27}},"213":{"start":{"line":608,"column":13},"end":{"line":608,"column":75}},"214":{"start":{"line":610,"column":2},"end":{"line":655,"column":3}},"215":{"start":{"line":611,"column":4},"end":{"line":647,"column":5}},"216":{"start":{"line":612,"column":22},"end":{"line":614,"column":7}},"217":{"start":{"line":615,"column":22},"end":{"line":615,"column":59}},"218":{"start":{"line":616,"column":6},"end":{"line":641,"column":7}},"219":{"start":{"line":617,"column":8},"end":{"line":617,"column":42}},"220":{"start":{"line":618,"column":26},"end":{"line":624,"column":9}},"221":{"start":{"line":626,"column":24},"end":{"line":628,"column":10}},"222":{"start":{"line":630,"column":8},"end":{"line":632,"column":10}},"223":{"start":{"line":633,"column":8},"end":{"line":635,"column":75}},"224":{"start":{"line":637,"column":8},"end":{"line":639,"column":10}},"225":{"start":{"line":640,"column":8},"end":{"line":640,"column":67}},"226":{"start":{"line":643,"column":6},"end":{"line":645,"column":8}},"227":{"start":{"line":646,"column":6},"end":{"line":646,"column":73}},"228":{"start":{"line":649,"column":4},"end":{"line":651,"column":6}},"229":{"start":{"line":652,"column":4},"end":{"line":654,"column":62}},"230":{"start":{"line":661,"column":19},"end":{"line":686,"column":1}},"231":{"start":{"line":662,"column":13},"end":{"line":662,"column":75}},"232":{"start":{"line":663,"column":2},"end":{"line":685,"column":3}},"233":{"start":{"line":664,"column":17},"end":{"line":669,"column":23}},"234":{"start":{"line":671,"column":4},"end":{"line":678,"column":5}},"235":{"start":{"line":672,"column":6},"end":{"line":674,"column":8}},"236":{"start":{"line":675,"column":6},"end":{"line":677,"column":9}},"237":{"start":{"line":680,"column":4},"end":{"line":680,"column":23}},"238":{"start":{"line":681,"column":4},"end":{"line":683,"column":6}},"239":{"start":{"line":684,"column":4},"end":{"line":684,"column":69}},"240":{"start":{"line":691,"column":21},"end":{"line":785,"column":1}},"241":{"start":{"line":692,"column":24},"end":{"line":692,"column":32}},"242":{"start":{"line":693,"column":17},"end":{"line":693,"column":27}},"243":{"start":{"line":694,"column":13},"end":{"line":694,"column":75}},"244":{"start":{"line":696,"column":2},"end":{"line":784,"column":3}},"245":{"start":{"line":697,"column":4},"end":{"line":776,"column":5}},"246":{"start":{"line":698,"column":22},"end":{"line":698,"column":59}},"247":{"start":{"line":700,"column":6},"end":{"line":770,"column":7}},"248":{"start":{"line":701,"column":8},"end":{"line":701,"column":42}},"249":{"start":{"line":702,"column":8},"end":{"line":764,"column":9}},"250":{"start":{"line":703,"column":32},"end":{"line":706,"column":11}},"251":{"start":{"line":707,"column":30},"end":{"line":709,"column":11}},"252":{"start":{"line":711,"column":28},"end":{"line":717,"column":11}},"253":{"start":{"line":719,"column":26},"end":{"line":725,"column":11}},"254":{"start":{"line":727,"column":10},"end":{"line":729,"column":12}},"255":{"start":{"line":730,"column":10},"end":{"line":733,"column":13}},"256":{"start":{"line":735,"column":32},"end":{"line":738,"column":11}},"257":{"start":{"line":739,"column":30},"end":{"line":741,"column":11}},"258":{"start":{"line":742,"column":28},"end":{"line":748,"column":11}},"259":{"start":{"line":749,"column":26},"end":{"line":755,"column":11}},"260":{"start":{"line":757,"column":10},"end":{"line":759,"column":12}},"261":{"start":{"line":760,"column":10},"end":{"line":763,"column":13}},"262":{"start":{"line":766,"column":8},"end":{"line":768,"column":10}},"263":{"start":{"line":769,"column":8},"end":{"line":769,"column":67}},"264":{"start":{"line":772,"column":6},"end":{"line":774,"column":8}},"265":{"start":{"line":775,"column":6},"end":{"line":775,"column":73}},"266":{"start":{"line":778,"column":4},"end":{"line":780,"column":6}},"267":{"start":{"line":781,"column":4},"end":{"line":783,"column":62}},"268":{"start":{"line":790,"column":19},"end":{"line":843,"column":1}},"269":{"start":{"line":791,"column":24},"end":{"line":791,"column":32}},"270":{"start":{"line":792,"column":17},"end":{"line":792,"column":27}},"271":{"start":{"line":793,"column":23},"end":{"line":793,"column":31}},"272":{"start":{"line":794,"column":13},"end":{"line":794,"column":75}},"273":{"start":{"line":796,"column":17},"end":{"line":796,"column":38}},"274":{"start":{"line":797,"column":2},"end":{"line":802,"column":3}},"275":{"start":{"line":798,"column":4},"end":{"line":800,"column":6}},"276":{"start":{"line":801,"column":4},"end":{"line":801,"column":60}},"277":{"start":{"line":804,"column":2},"end":{"line":842,"column":3}},"278":{"start":{"line":805,"column":4},"end":{"line":834,"column":5}},"279":{"start":{"line":806,"column":24},"end":{"line":806,"column":57}},"280":{"start":{"line":807,"column":19},"end":{"line":807,"column":43}},"281":{"start":{"line":808,"column":26},"end":{"line":808,"column":59}},"282":{"start":{"line":809,"column":6},"end":{"line":828,"column":7}},"283":{"start":{"line":810,"column":28},"end":{"line":812,"column":9}},"284":{"start":{"line":813,"column":23},"end":{"line":815,"column":10}},"285":{"start":{"line":816,"column":8},"end":{"line":818,"column":10}},"286":{"start":{"line":819,"column":8},"end":{"line":822,"column":11}},"287":{"start":{"line":824,"column":8},"end":{"line":826,"column":10}},"288":{"start":{"line":827,"column":8},"end":{"line":827,"column":69}},"289":{"start":{"line":830,"column":6},"end":{"line":832,"column":8}},"290":{"start":{"line":833,"column":6},"end":{"line":833,"column":73}},"291":{"start":{"line":836,"column":4},"end":{"line":838,"column":6}},"292":{"start":{"line":839,"column":4},"end":{"line":841,"column":62}},"293":{"start":{"line":848,"column":23},"end":{"line":960,"column":1}},"294":{"start":{"line":849,"column":2},"end":{"line":849,"column":31}},"295":{"start":{"line":850,"column":24},"end":{"line":850,"column":32}},"296":{"start":{"line":851,"column":17},"end":{"line":851,"column":27}},"297":{"start":{"line":852,"column":2},"end":{"line":852,"column":33}},"298":{"start":{"line":854,"column":15},"end":{"line":854,"column":31}},"299":{"start":{"line":855,"column":2},"end":{"line":855,"column":34}},"300":{"start":{"line":857,"column":17},"end":{"line":857,"column":38}},"301":{"start":{"line":858,"column":13},"end":{"line":858,"column":75}},"302":{"start":{"line":860,"column":2},"end":{"line":865,"column":3}},"303":{"start":{"line":861,"column":4},"end":{"line":863,"column":6}},"304":{"start":{"line":864,"column":4},"end":{"line":864,"column":60}},"305":{"start":{"line":867,"column":2},"end":{"line":959,"column":3}},"306":{"start":{"line":868,"column":4},"end":{"line":953,"column":5}},"307":{"start":{"line":869,"column":22},"end":{"line":869,"column":55}},"308":{"start":{"line":870,"column":6},"end":{"line":870,"column":40}},"309":{"start":{"line":871,"column":6},"end":{"line":945,"column":7}},"310":{"start":{"line":872,"column":21},"end":{"line":872,"column":23}},"311":{"start":{"line":874,"column":8},"end":{"line":887,"column":9}},"312":{"start":{"line":875,"column":22},"end":{"line":885,"column":11}},"313":{"start":{"line":886,"column":10},"end":{"line":886,"column":23}},"314":{"start":{"line":889,"column":8},"end":{"line":902,"column":9}},"315":{"start":{"line":890,"column":22},"end":{"line":900,"column":11}},"316":{"start":{"line":901,"column":10},"end":{"line":901,"column":23}},"317":{"start":{"line":904,"column":8},"end":{"line":917,"column":9}},"318":{"start":{"line":905,"column":22},"end":{"line":915,"column":11}},"319":{"start":{"line":916,"column":10},"end":{"line":916,"column":23}},"320":{"start":{"line":919,"column":8},"end":{"line":932,"column":9}},"321":{"start":{"line":920,"column":22},"end":{"line":930,"column":11}},"322":{"start":{"line":931,"column":10},"end":{"line":931,"column":23}},"323":{"start":{"line":934,"column":8},"end":{"line":936,"column":10}},"324":{"start":{"line":937,"column":8},"end":{"line":939,"column":74}},"325":{"start":{"line":941,"column":8},"end":{"line":943,"column":10}},"326":{"start":{"line":944,"column":8},"end":{"line":944,"column":67}},"327":{"start":{"line":947,"column":6},"end":{"line":949,"column":8}},"328":{"start":{"line":950,"column":6},"end":{"line":952,"column":64}},"329":{"start":{"line":955,"column":4},"end":{"line":957,"column":6}},"330":{"start":{"line":958,"column":4},"end":{"line":958,"column":71}},"331":{"start":{"line":962,"column":0},"end":{"line":978,"column":2}}},"fnMap":{"0":{"name":"(anonymous_0)","decl":{"start":{"line":14,"column":22},"end":{"line":14,"column":23}},"loc":{"start":{"line":14,"column":42},"end":{"line":29,"column":1}},"line":14},"1":{"name":"(anonymous_1)","decl":{"start":{"line":34,"column":21},"end":{"line":34,"column":22}},"loc":{"start":{"line":34,"column":41},"end":{"line":104,"column":1}},"line":34},"2":{"name":"(anonymous_2)","decl":{"start":{"line":106,"column":21},"end":{"line":106,"column":22}},"loc":{"start":{"line":106,"column":41},"end":{"line":171,"column":1}},"line":106},"3":{"name":"(anonymous_3)","decl":{"start":{"line":176,"column":14},"end":{"line":176,"column":15}},"loc":{"start":{"line":176,"column":34},"end":{"line":243,"column":1}},"line":176},"4":{"name":"(anonymous_4)","decl":{"start":{"line":248,"column":28},"end":{"line":248,"column":29}},"loc":{"start":{"line":248,"column":48},"end":{"line":323,"column":1}},"line":248},"5":{"name":"(anonymous_5)","decl":{"start":{"line":328,"column":25},"end":{"line":328,"column":26}},"loc":{"start":{"line":328,"column":45},"end":{"line":396,"column":1}},"line":328},"6":{"name":"(anonymous_6)","decl":{"start":{"line":401,"column":22},"end":{"line":401,"column":23}},"loc":{"start":{"line":401,"column":42},"end":{"line":430,"column":1}},"line":401},"7":{"name":"(anonymous_7)","decl":{"start":{"line":435,"column":19},"end":{"line":435,"column":20}},"loc":{"start":{"line":435,"column":39},"end":{"line":466,"column":1}},"line":435},"8":{"name":"(anonymous_8)","decl":{"start":{"line":471,"column":18},"end":{"line":471,"column":19}},"loc":{"start":{"line":471,"column":38},"end":{"line":516,"column":1}},"line":471},"9":{"name":"(anonymous_9)","decl":{"start":{"line":521,"column":21},"end":{"line":521,"column":22}},"loc":{"start":{"line":521,"column":41},"end":{"line":600,"column":1}},"line":521},"10":{"name":"(anonymous_10)","decl":{"start":{"line":605,"column":21},"end":{"line":605,"column":22}},"loc":{"start":{"line":605,"column":41},"end":{"line":656,"column":1}},"line":605},"11":{"name":"(anonymous_11)","decl":{"start":{"line":661,"column":19},"end":{"line":661,"column":20}},"loc":{"start":{"line":661,"column":39},"end":{"line":686,"column":1}},"line":661},"12":{"name":"(anonymous_12)","decl":{"start":{"line":691,"column":21},"end":{"line":691,"column":22}},"loc":{"start":{"line":691,"column":41},"end":{"line":785,"column":1}},"line":691},"13":{"name":"(anonymous_13)","decl":{"start":{"line":790,"column":19},"end":{"line":790,"column":20}},"loc":{"start":{"line":790,"column":39},"end":{"line":843,"column":1}},"line":790},"14":{"name":"(anonymous_14)","decl":{"start":{"line":848,"column":23},"end":{"line":848,"column":24}},"loc":{"start":{"line":848,"column":43},"end":{"line":960,"column":1}},"line":848}},"branchMap":{"0":{"loc":{"start":{"line":15,"column":13},"end":{"line":15,"column":75}},"type":"binary-expr","locations":[{"start":{"line":15,"column":13},"end":{"line":15,"column":43}},{"start":{"line":15,"column":47},"end":{"line":15,"column":75}}],"line":15},"1":{"loc":{"start":{"line":18,"column":2},"end":{"line":28,"column":3}},"type":"if","locations":[{"start":{"line":18,"column":2},"end":{"line":28,"column":3}},{"start":{"line":23,"column":9},"end":{"line":28,"column":3}}],"line":18},"2":{"loc":{"start":{"line":36,"column":13},"end":{"line":36,"column":75}},"type":"binary-expr","locations":[{"start":{"line":36,"column":13},"end":{"line":36,"column":43}},{"start":{"line":36,"column":47},"end":{"line":36,"column":75}}],"line":36},"3":{"loc":{"start":{"line":41,"column":2},"end":{"line":48,"column":3}},"type":"if","locations":[{"start":{"line":41,"column":2},"end":{"line":48,"column":3}},{"start":{},"end":{}}],"line":41},"4":{"loc":{"start":{"line":44,"column":8},"end":{"line":44,"column":29}},"type":"binary-expr","locations":[{"start":{"line":44,"column":8},"end":{"line":44,"column":18}},{"start":{"line":44,"column":22},"end":{"line":44,"column":29}}],"line":44},"5":{"loc":{"start":{"line":50,"column":2},"end":{"line":55,"column":3}},"type":"if","locations":[{"start":{"line":50,"column":2},"end":{"line":55,"column":3}},{"start":{},"end":{}}],"line":50},"6":{"loc":{"start":{"line":98,"column":8},"end":{"line":98,"column":29}},"type":"binary-expr","locations":[{"start":{"line":98,"column":8},"end":{"line":98,"column":18}},{"start":{"line":98,"column":22},"end":{"line":98,"column":29}}],"line":98},"7":{"loc":{"start":{"line":108,"column":13},"end":{"line":108,"column":75}},"type":"binary-expr","locations":[{"start":{"line":108,"column":13},"end":{"line":108,"column":43}},{"start":{"line":108,"column":47},"end":{"line":108,"column":75}}],"line":108},"8":{"loc":{"start":{"line":114,"column":2},"end":{"line":119,"column":3}},"type":"if","locations":[{"start":{"line":114,"column":2},"end":{"line":119,"column":3}},{"start":{},"end":{}}],"line":114},"9":{"loc":{"start":{"line":178,"column":13},"end":{"line":178,"column":75}},"type":"binary-expr","locations":[{"start":{"line":178,"column":13},"end":{"line":178,"column":43}},{"start":{"line":178,"column":47},"end":{"line":178,"column":75}}],"line":178},"10":{"loc":{"start":{"line":180,"column":2},"end":{"line":183,"column":3}},"type":"if","locations":[{"start":{"line":180,"column":2},"end":{"line":183,"column":3}},{"start":{},"end":{}}],"line":180},"11":{"loc":{"start":{"line":192,"column":4},"end":{"line":199,"column":5}},"type":"if","locations":[{"start":{"line":192,"column":4},"end":{"line":199,"column":5}},{"start":{},"end":{}}],"line":192},"12":{"loc":{"start":{"line":201,"column":4},"end":{"line":206,"column":5}},"type":"if","locations":[{"start":{"line":201,"column":4},"end":{"line":206,"column":5}},{"start":{},"end":{}}],"line":201},"13":{"loc":{"start":{"line":208,"column":4},"end":{"line":213,"column":5}},"type":"if","locations":[{"start":{"line":208,"column":4},"end":{"line":213,"column":5}},{"start":{},"end":{}}],"line":208},"14":{"loc":{"start":{"line":219,"column":4},"end":{"line":226,"column":5}},"type":"if","locations":[{"start":{"line":219,"column":4},"end":{"line":226,"column":5}},{"start":{},"end":{}}],"line":219},"15":{"loc":{"start":{"line":250,"column":13},"end":{"line":250,"column":75}},"type":"binary-expr","locations":[{"start":{"line":250,"column":13},"end":{"line":250,"column":43}},{"start":{"line":250,"column":47},"end":{"line":250,"column":75}}],"line":250},"16":{"loc":{"start":{"line":255,"column":2},"end":{"line":262,"column":3}},"type":"if","locations":[{"start":{"line":255,"column":2},"end":{"line":262,"column":3}},{"start":{},"end":{}}],"line":255},"17":{"loc":{"start":{"line":258,"column":8},"end":{"line":258,"column":29}},"type":"binary-expr","locations":[{"start":{"line":258,"column":8},"end":{"line":258,"column":18}},{"start":{"line":258,"column":22},"end":{"line":258,"column":29}}],"line":258},"18":{"loc":{"start":{"line":264,"column":2},"end":{"line":269,"column":3}},"type":"if","locations":[{"start":{"line":264,"column":2},"end":{"line":269,"column":3}},{"start":{},"end":{}}],"line":264},"19":{"loc":{"start":{"line":317,"column":8},"end":{"line":317,"column":29}},"type":"binary-expr","locations":[{"start":{"line":317,"column":8},"end":{"line":317,"column":18}},{"start":{"line":317,"column":22},"end":{"line":317,"column":29}}],"line":317},"20":{"loc":{"start":{"line":334,"column":13},"end":{"line":334,"column":75}},"type":"binary-expr","locations":[{"start":{"line":334,"column":13},"end":{"line":334,"column":43}},{"start":{"line":334,"column":47},"end":{"line":334,"column":75}}],"line":334},"21":{"loc":{"start":{"line":336,"column":2},"end":{"line":343,"column":3}},"type":"if","locations":[{"start":{"line":336,"column":2},"end":{"line":343,"column":3}},{"start":{},"end":{}}],"line":336},"22":{"loc":{"start":{"line":339,"column":8},"end":{"line":339,"column":29}},"type":"binary-expr","locations":[{"start":{"line":339,"column":8},"end":{"line":339,"column":18}},{"start":{"line":339,"column":22},"end":{"line":339,"column":29}}],"line":339},"23":{"loc":{"start":{"line":345,"column":2},"end":{"line":350,"column":3}},"type":"if","locations":[{"start":{"line":345,"column":2},"end":{"line":350,"column":3}},{"start":{},"end":{}}],"line":345},"24":{"loc":{"start":{"line":377,"column":4},"end":{"line":382,"column":5}},"type":"if","locations":[{"start":{"line":377,"column":4},"end":{"line":382,"column":5}},{"start":{},"end":{}}],"line":377},"25":{"loc":{"start":{"line":391,"column":8},"end":{"line":391,"column":29}},"type":"binary-expr","locations":[{"start":{"line":391,"column":8},"end":{"line":391,"column":18}},{"start":{"line":391,"column":22},"end":{"line":391,"column":29}}],"line":391},"26":{"loc":{"start":{"line":403,"column":13},"end":{"line":403,"column":75}},"type":"binary-expr","locations":[{"start":{"line":403,"column":13},"end":{"line":403,"column":43}},{"start":{"line":403,"column":47},"end":{"line":403,"column":75}}],"line":403},"27":{"loc":{"start":{"line":406,"column":4},"end":{"line":423,"column":5}},"type":"if","locations":[{"start":{"line":406,"column":4},"end":{"line":423,"column":5}},{"start":{"line":418,"column":11},"end":{"line":423,"column":5}}],"line":406},"28":{"loc":{"start":{"line":406,"column":8},"end":{"line":406,"column":52}},"type":"binary-expr","locations":[{"start":{"line":406,"column":8},"end":{"line":406,"column":12}},{"start":{"line":406,"column":16},"end":{"line":406,"column":52}}],"line":406},"29":{"loc":{"start":{"line":437,"column":13},"end":{"line":437,"column":75}},"type":"binary-expr","locations":[{"start":{"line":437,"column":13},"end":{"line":437,"column":43}},{"start":{"line":437,"column":47},"end":{"line":437,"column":75}}],"line":437},"30":{"loc":{"start":{"line":441,"column":4},"end":{"line":459,"column":5}},"type":"if","locations":[{"start":{"line":441,"column":4},"end":{"line":459,"column":5}},{"start":{"line":454,"column":11},"end":{"line":459,"column":5}}],"line":441},"31":{"loc":{"start":{"line":473,"column":13},"end":{"line":473,"column":75}},"type":"binary-expr","locations":[{"start":{"line":473,"column":13},"end":{"line":473,"column":43}},{"start":{"line":473,"column":47},"end":{"line":473,"column":75}}],"line":473},"32":{"loc":{"start":{"line":475,"column":4},"end":{"line":509,"column":5}},"type":"if","locations":[{"start":{"line":475,"column":4},"end":{"line":509,"column":5}},{"start":{"line":504,"column":11},"end":{"line":509,"column":5}}],"line":475},"33":{"loc":{"start":{"line":480,"column":6},"end":{"line":485,"column":7}},"type":"if","locations":[{"start":{"line":480,"column":6},"end":{"line":485,"column":7}},{"start":{},"end":{}}],"line":480},"34":{"loc":{"start":{"line":488,"column":6},"end":{"line":503,"column":7}},"type":"if","locations":[{"start":{"line":488,"column":6},"end":{"line":503,"column":7}},{"start":{"line":496,"column":13},"end":{"line":503,"column":7}}],"line":488},"35":{"loc":{"start":{"line":529,"column":13},"end":{"line":529,"column":75}},"type":"binary-expr","locations":[{"start":{"line":529,"column":13},"end":{"line":529,"column":43}},{"start":{"line":529,"column":47},"end":{"line":529,"column":75}}],"line":529},"36":{"loc":{"start":{"line":531,"column":2},"end":{"line":536,"column":3}},"type":"if","locations":[{"start":{"line":531,"column":2},"end":{"line":536,"column":3}},{"start":{},"end":{}}],"line":531},"37":{"loc":{"start":{"line":538,"column":2},"end":{"line":599,"column":3}},"type":"if","locations":[{"start":{"line":538,"column":2},"end":{"line":599,"column":3}},{"start":{"line":594,"column":9},"end":{"line":599,"column":3}}],"line":538},"38":{"loc":{"start":{"line":541,"column":6},"end":{"line":585,"column":7}},"type":"if","locations":[{"start":{"line":541,"column":6},"end":{"line":585,"column":7}},{"start":{"line":580,"column":13},"end":{"line":585,"column":7}}],"line":541},"39":{"loc":{"start":{"line":608,"column":13},"end":{"line":608,"column":75}},"type":"binary-expr","locations":[{"start":{"line":608,"column":13},"end":{"line":608,"column":43}},{"start":{"line":608,"column":47},"end":{"line":608,"column":75}}],"line":608},"40":{"loc":{"start":{"line":611,"column":4},"end":{"line":647,"column":5}},"type":"if","locations":[{"start":{"line":611,"column":4},"end":{"line":647,"column":5}},{"start":{"line":642,"column":11},"end":{"line":647,"column":5}}],"line":611},"41":{"loc":{"start":{"line":616,"column":6},"end":{"line":641,"column":7}},"type":"if","locations":[{"start":{"line":616,"column":6},"end":{"line":641,"column":7}},{"start":{"line":636,"column":13},"end":{"line":641,"column":7}}],"line":616},"42":{"loc":{"start":{"line":662,"column":13},"end":{"line":662,"column":75}},"type":"binary-expr","locations":[{"start":{"line":662,"column":13},"end":{"line":662,"column":43}},{"start":{"line":662,"column":47},"end":{"line":662,"column":75}}],"line":662},"43":{"loc":{"start":{"line":671,"column":4},"end":{"line":678,"column":5}},"type":"if","locations":[{"start":{"line":671,"column":4},"end":{"line":678,"column":5}},{"start":{},"end":{}}],"line":671},"44":{"loc":{"start":{"line":694,"column":13},"end":{"line":694,"column":75}},"type":"binary-expr","locations":[{"start":{"line":694,"column":13},"end":{"line":694,"column":43}},{"start":{"line":694,"column":47},"end":{"line":694,"column":75}}],"line":694},"45":{"loc":{"start":{"line":697,"column":4},"end":{"line":776,"column":5}},"type":"if","locations":[{"start":{"line":697,"column":4},"end":{"line":776,"column":5}},{"start":{"line":771,"column":11},"end":{"line":776,"column":5}}],"line":697},"46":{"loc":{"start":{"line":700,"column":6},"end":{"line":770,"column":7}},"type":"if","locations":[{"start":{"line":700,"column":6},"end":{"line":770,"column":7}},{"start":{"line":765,"column":13},"end":{"line":770,"column":7}}],"line":700},"47":{"loc":{"start":{"line":702,"column":8},"end":{"line":764,"column":9}},"type":"if","locations":[{"start":{"line":702,"column":8},"end":{"line":764,"column":9}},{"start":{"line":734,"column":15},"end":{"line":764,"column":9}}],"line":702},"48":{"loc":{"start":{"line":794,"column":13},"end":{"line":794,"column":75}},"type":"binary-expr","locations":[{"start":{"line":794,"column":13},"end":{"line":794,"column":43}},{"start":{"line":794,"column":47},"end":{"line":794,"column":75}}],"line":794},"49":{"loc":{"start":{"line":797,"column":2},"end":{"line":802,"column":3}},"type":"if","locations":[{"start":{"line":797,"column":2},"end":{"line":802,"column":3}},{"start":{},"end":{}}],"line":797},"50":{"loc":{"start":{"line":805,"column":4},"end":{"line":834,"column":5}},"type":"if","locations":[{"start":{"line":805,"column":4},"end":{"line":834,"column":5}},{"start":{"line":829,"column":11},"end":{"line":834,"column":5}}],"line":805},"51":{"loc":{"start":{"line":809,"column":6},"end":{"line":828,"column":7}},"type":"if","locations":[{"start":{"line":809,"column":6},"end":{"line":828,"column":7}},{"start":{"line":823,"column":13},"end":{"line":828,"column":7}}],"line":809},"52":{"loc":{"start":{"line":858,"column":13},"end":{"line":858,"column":75}},"type":"binary-expr","locations":[{"start":{"line":858,"column":13},"end":{"line":858,"column":43}},{"start":{"line":858,"column":47},"end":{"line":858,"column":75}}],"line":858},"53":{"loc":{"start":{"line":860,"column":2},"end":{"line":865,"column":3}},"type":"if","locations":[{"start":{"line":860,"column":2},"end":{"line":865,"column":3}},{"start":{},"end":{}}],"line":860},"54":{"loc":{"start":{"line":867,"column":2},"end":{"line":959,"column":3}},"type":"if","locations":[{"start":{"line":867,"column":2},"end":{"line":959,"column":3}},{"start":{"line":954,"column":9},"end":{"line":959,"column":3}}],"line":867},"55":{"loc":{"start":{"line":871,"column":6},"end":{"line":945,"column":7}},"type":"if","locations":[{"start":{"line":871,"column":6},"end":{"line":945,"column":7}},{"start":{"line":940,"column":13},"end":{"line":945,"column":7}}],"line":871},"56":{"loc":{"start":{"line":874,"column":8},"end":{"line":887,"column":9}},"type":"if","locations":[{"start":{"line":874,"column":8},"end":{"line":887,"column":9}},{"start":{},"end":{}}],"line":874},"57":{"loc":{"start":{"line":889,"column":8},"end":{"line":902,"column":9}},"type":"if","locations":[{"start":{"line":889,"column":8},"end":{"line":902,"column":9}},{"start":{},"end":{}}],"line":889},"58":{"loc":{"start":{"line":904,"column":8},"end":{"line":917,"column":9}},"type":"if","locations":[{"start":{"line":904,"column":8},"end":{"line":917,"column":9}},{"start":{},"end":{}}],"line":904},"59":{"loc":{"start":{"line":919,"column":8},"end":{"line":932,"column":9}},"type":"if","locations":[{"start":{"line":919,"column":8},"end":{"line":932,"column":9}},{"start":{},"end":{}}],"line":919}},"s":{"0":1,"1":1,"2":1,"3":1,"4":1,"5":1,"6":1,"7":1,"8":1,"9":0,"10":0,"11":0,"12":0,"13":0,"14":0,"15":0,"16":1,"17":0,"18":0,"19":0,"20":0,"21":0,"22":0,"23":0,"24":0,"25":0,"26":0,"27":0,"28":0,"29":0,"30":0,"31":0,"32":0,"33":0,"34":0,"35":0,"36":0,"37":0,"38":0,"39":0,"40":0,"41":0,"42":0,"43":0,"44":0,"45":1,"46":0,"47":0,"48":0,"49":0,"50":0,"51":0,"52":0,"53":0,"54":0,"55":0,"56":0,"57":0,"58":0,"59":0,"60":0,"61":0,"62":0,"63":0,"64":0,"65":0,"66":0,"67":0,"68":1,"69":0,"70":0,"71":0,"72":0,"73":0,"74":0,"75":0,"76":0,"77":0,"78":0,"79":0,"80":0,"81":0,"82":0,"83":0,"84":0,"85":0,"86":0,"87":0,"88":0,"89":0,"90":0,"91":0,"92":0,"93":0,"94":0,"95":0,"96":0,"97":0,"98":1,"99":0,"100":0,"101":0,"102":0,"103":0,"104":0,"105":0,"106":0,"107":0,"108":0,"109":0,"110":0,"111":0,"112":0,"113":0,"114":0,"115":0,"116":0,"117":0,"118":0,"119":0,"120":0,"121":1,"122":0,"123":0,"124":0,"125":0,"126":0,"127":0,"128":0,"129":0,"130":0,"131":0,"132":0,"133":0,"134":0,"135":0,"136":0,"137":0,"138":0,"139":0,"140":0,"141":0,"142":1,"143":0,"144":0,"145":0,"146":0,"147":0,"148":0,"149":0,"150":0,"151":0,"152":0,"153":0,"154":1,"155":0,"156":0,"157":0,"158":0,"159":0,"160":0,"161":0,"162":0,"163":0,"164":0,"165":0,"166":0,"167":1,"168":0,"169":0,"170":0,"171":0,"172":0,"173":0,"174":0,"175":0,"176":0,"177":0,"178":0,"179":0,"180":0,"181":0,"182":0,"183":0,"184":0,"185":0,"186":0,"187":1,"188":0,"189":0,"190":0,"191":0,"192":0,"193":0,"194":0,"195":0,"196":0,"197":0,"198":0,"199":0,"200":0,"201":0,"202":0,"203":0,"204":0,"205":0,"206":0,"207":0,"208":0,"209":0,"210":1,"211":0,"212":0,"213":0,"214":0,"215":0,"216":0,"217":0,"218":0,"219":0,"220":0,"221":0,"222":0,"223":0,"224":0,"225":0,"226":0,"227":0,"228":0,"229":0,"230":1,"231":0,"232":0,"233":0,"234":0,"235":0,"236":0,"237":0,"238":0,"239":0,"240":1,"241":0,"242":0,"243":0,"244":0,"245":0,"246":0,"247":0,"248":0,"249":0,"250":0,"251":0,"252":0,"253":0,"254":0,"255":0,"256":0,"257":0,"258":0,"259":0,"260":0,"261":0,"262":0,"263":0,"264":0,"265":0,"266":0,"267":0,"268":1,"269":0,"270":0,"271":0,"272":0,"273":0,"274":0,"275":0,"276":0,"277":0,"278":0,"279":0,"280":0,"281":0,"282":0,"283":0,"284":0,"285":0,"286":0,"287":0,"288":0,"289":0,"290":0,"291":0,"292":0,"293":1,"294":0,"295":0,"296":0,"297":0,"298":0,"299":0,"300":0,"301":0,"302":0,"303":0,"304":0,"305":0,"306":0,"307":0,"308":0,"309":0,"310":0,"311":0,"312":0,"313":0,"314":0,"315":0,"316":0,"317":0,"318":0,"319":0,"320":0,"321":0,"322":0,"323":0,"324":0,"325":0,"326":0,"327":0,"328":0,"329":0,"330":0,"331":1},"f":{"0":0,"1":0,"2":0,"3":0,"4":0,"5":0,"6":0,"7":0,"8":0,"9":0,"10":0,"11":0,"12":0,"13":0,"14":0},"b":{"0":[0,0],"1":[0,0],"2":[0,0],"3":[0,0],"4":[0,0],"5":[0,0],"6":[0,0],"7":[0,0],"8":[0,0],"9":[0,0],"10":[0,0],"11":[0,0],"12":[0,0],"13":[0,0],"14":[0,0],"15":[0,0],"16":[0,0],"17":[0,0],"18":[0,0],"19":[0,0],"20":[0,0],"21":[0,0],"22":[0,0],"23":[0,0],"24":[0,0],"25":[0,0],"26":[0,0],"27":[0,0],"28":[0,0],"29":[0,0],"30":[0,0],"31":[0,0],"32":[0,0],"33":[0,0],"34":[0,0],"35":[0,0],"36":[0,0],"37":[0,0],"38":[0,0],"39":[0,0],"40":[0,0],"41":[0,0],"42":[0,0],"43":[0,0],"44":[0,0],"45":[0,0],"46":[0,0],"47":[0,0],"48":[0,0],"49":[0,0],"50":[0,0],"51":[0,0],"52":[0,0],"53":[0,0],"54":[0,0],"55":[0,0],"56":[0,0],"57":[0,0],"58":[0,0],"59":[0,0]},"_coverageSchema":"1a1c01bbd47fc00a2c39e90264f33305004495a9","hash":"d81dc159313bc37f7d45d326ca8c49e1802eb459"}
[...]
,"/home/jrat/Documents/temp (copy)/digitalHR_13_march_2025 (2)/digitalHR_13_march_2025/backend/models/Role.js": {"path":"/home/jrat/Documents/temp (copy)/digitalHR_13_march_2025 (2)/digitalHR_13_march_2025/backend/models/Role.js","statementMap":{"0":{"start":{"line":1,"column":17},"end":{"line":1,"column":36}},"1":{"start":{"line":3,"column":19},"end":{"line":3,"column":27}},"2":{"start":{"line":5,"column":19},"end":{"line":22,"column":2}},"3":{"start":{"line":24,"column":0},"end":{"line":24,"column":52}}},"fnMap":{},"branchMap":{},"s":{"0":1,"1":1,"2":1,"3":1},"f":{},"b":{},"_coverageSchema":"1a1c01bbd47fc00a2c39e90264f33305004495a9","hash":"354ffd640ca17f9bdd971e7226cf35e42dd040b4"}
,"/home/jrat/Documents/temp (copy)/digitalHR_13_march_2025 (2)/digitalHR_13_march_2025/backend/models/Settings.js": {"path":"/home/jrat/Documents/temp (copy)/digitalHR_13_march_2025 (2)/digitalHR_13_march_2025/backend/models/Settings.js","statementMap":{"0":{"start":{"line":1,"column":17},"end":{"line":1,"column":36}},"1":{"start":{"line":2,"column":15},"end":{"line":2,"column":37}},"2":{"start":{"line":4,"column":19},"end":{"line":4,"column":27}},"3":{"start":{"line":6,"column":23},"end":{"line":71,"column":2}},"4":{"start":{"line":73,"column":0},"end":{"line":73,"column":60}}},"fnMap":{},"branchMap":{},"s":{"0":1,"1":1,"2":1,"3":1,"4":1},"f":{},"b":{},"_coverageSchema":"1a1c01bbd47fc00a2c39e90264f33305004495a9","hash":"7d68f037a1c109f69cc0b75491515c71311a2878"}
,"/home/jrat/Documents/temp (copy)/digitalHR_13_march_2025 (2)/digitalHR_13_march_2025/backend/models/Team.js": {"path":"/home/jrat/Documents/temp (copy)/digitalHR_13_march_2025 (2)/digitalHR_13_march_2025/backend/models/Team.js","statementMap":{"0":{"start":{"line":1,"column":17},"end":{"line":1,"column":36}},"1":{"start":{"line":3,"column":19},"end":{"line":3,"column":27}},"2":{"start":{"line":5,"column":19},"end":{"line":18,"column":2}},"3":{"start":{"line":20,"column":0},"end":{"line":20,"column":52}}},"fnMap":{},"branchMap":{},"s":{"0":1,"1":1,"2":1,"3":1},"f":{},"b":{},"_coverageSchema":"1a1c01bbd47fc00a2c39e90264f33305004495a9","hash":"bffae02f2c93b633cc36b49c285abc28a0e835e1"}
,"/home/jrat/Documents/temp (copy)/digitalHR_13_march_2025 (2)/digitalHR_13_march_2025/backend/models/User.js": {"path":"/home/jrat/Documents/temp (copy)/digitalHR_13_march_2025 (2)/digitalHR_13_march_2025/backend/models/User.js","statementMap":{"0":{"start":{"line":1,"column":17},"end":{"line":1,"column":36}},"1":{"start":{"line":2,"column":19},"end":{"line":2,"column":53}},"2":{"start":{"line":3,"column":13},"end":{"line":3,"column":41}},"3":{"start":{"line":4,"column":13},"end":{"line":4,"column":41}},"4":{"start":{"line":6,"column":19},"end":{"line":6,"column":27}},"5":{"start":{"line":8,"column":19},"end":{"line":78,"column":2}},"6":{"start":{"line":80,"column":0},"end":{"line":80,"column":52}}},"fnMap":{},"branchMap":{},"s":{"0":1,"1":1,"2":1,"3":1,"4":1,"5":1,"6":1},"f":{},"b":{},"_coverageSchema":"1a1c01bbd47fc00a2c39e90264f33305004495a9","hash":"f19d3a3aa2fbee5646c177ed3548e8106d9fe00d"}
,"/home/jrat/Documents/temp (copy)/digitalHR_13_march_2025 (2)/digitalHR_13_march_2025/backend/routes/attendance.js": {"path":"/home/jrat/Documents/temp (copy)/digitalHR_13_march_2025 (2)/digitalHR_13_march_2025/backend/routes/attendance.js","statementMap":{"0":{"start":{"line":1,"column":16},"end":{"line":1,"column":34}},"1":{"start":{"line":2,"column":15},"end":{"line":2,"column":31}},"2":{"start":{"line":3,"column":17},"end":{"line":3,"column":45}},"3":{"start":{"line":18,"column":4},"end":{"line":18,"column":40}},"4":{"start":{"line":19,"column":22},"end":{"line":19,"column":67}},"5":{"start":{"line":24,"column":0},"end":{"line":24,"column":50}},"6":{"start":{"line":29,"column":0},"end":{"line":48,"column":2}},"7":{"start":{"line":53,"column":0},"end":{"line":69,"column":2}},"8":{"start":{"line":74,"column":0},"end":{"line":79,"column":2}},"9":{"start":{"line":84,"column":0},"end":{"line":89,"column":2}},"10":{"start":{"line":94,"column":0},"end":{"line":100,"column":2}},"11":{"start":{"line":105,"column":0},"end":{"line":110,"column":2}},"12":{"start":{"line":115,"column":0},"end":{"line":120,"column":2}},"13":{"start":{"line":125,"column":0},"end":{"line":143,"column":2}},"14":{"start":{"line":148,"column":0},"end":{"line":156,"column":2}},"15":{"start":{"line":158,"column":0},"end":{"line":158,"column":24}}},"fnMap":{},"branchMap":{},"s":{"0":1,"1":1,"2":1,"3":1,"4":1,"5":1,"6":1,"7":1,"8":1,"9":1,"10":1,"11":1,"12":1,"13":1,"14":1,"15":1},"f":{},"b":{},"_coverageSchema":"1a1c01bbd47fc00a2c39e90264f33305004495a9","hash":"a6efd5f4397d5ab7f0d4554332ea4777fdff1a29"}
,"/home/jrat/Documents/temp (copy)/digitalHR_13_march_2025 (2)/digitalHR_13_march_2025/backend/routes/client.js": {"path":"/home/jrat/Documents/temp (copy)/digitalHR_13_march_2025 (2)/digitalHR_13_march_2025/backend/routes/client.js","statementMap":{"0":{"start":{"line":1,"column":16},"end":{"line":1,"column":34}},"1":{"start":{"line":2,"column":15},"end":{"line":2,"column":31}},"2":{"start":{"line":3,"column":17},"end":{"line":3,"column":45}},"3":{"start":{"line":20,"column":4},"end":{"line":20,"column":36}},"4":{"start":{"line":21,"column":22},"end":{"line":21,"column":67}},"5":{"start":{"line":26,"column":0},"end":{"line":26,"column":46}},"6":{"start":{"line":31,"column":0},"end":{"line":49,"column":2}},"7":{"start":{"line":54,"column":0},"end":{"line":54,"column":74}},"8":{"start":{"line":59,"column":0},"end":{"line":66,"column":2}},"9":{"start":{"line":71,"column":0},"end":{"line":91,"column":2}},"10":{"start":{"line":96,"column":0},"end":{"line":124,"column":2}},"11":{"start":{"line":129,"column":0},"end":{"line":129,"column":54}},"12":{"start":{"line":134,"column":0},"end":{"line":134,"column":61}},"13":{"start":{"line":139,"column":0},"end":{"line":139,"column":70}},"14":{"start":{"line":144,"column":0},"end":{"line":144,"column":49}},"15":{"start":{"line":149,"column":0},"end":{"line":181,"column":2}},"16":{"start":{"line":186,"column":0},"end":{"line":195,"column":2}},"17":{"start":{"line":200,"column":0},"end":{"line":202,"column":3}},"18":{"start":{"line":207,"column":0},"end":{"line":207,"column":55}},"19":{"start":{"line":212,"column":0},"end":{"line":212,"column":56}},"20":{"start":{"line":217,"column":0},"end":{"line":222,"column":2}},"21":{"start":{"line":224,"column":0},"end":{"line":224,"column":24}}},"fnMap":{},"branchMap":{},"s":{"0":1,"1":1,"2":1,"3":1,"4":1,"5":1,"6":1,"7":1,"8":1,"9":1,"10":1,"11":1,"12":1,"13":1,"14":1,"15":1,"16":1,"17":1,"18":1,"19":1,"20":1,"21":1},"f":{},"b":{},"_coverageSchema":"1a1c01bbd47fc00a2c39e90264f33305004495a9","hash":"4ac649f714d5f60d7dcf9b048d324e3fea75ba47"}
,"/home/jrat/Documents/temp (copy)/digitalHR_13_march_2025 (2)/digitalHR_13_march_2025/backend/routes/department.js": {"path":"/home/jrat/Documents/temp (copy)/digitalHR_13_march_2025 (2)/digitalHR_13_march_2025/backend/routes/department.js","statementMap":{"0":{"start":{"line":1,"column":16},"end":{"line":1,"column":34}},"1":{"start":{"line":2,"column":15},"end":{"line":2,"column":31}},"2":{"start":{"line":3,"column":17},"end":{"line":3,"column":45}},"3":{"start":{"line":11,"column":4},"end":{"line":11,"column":43}},"4":{"start":{"line":12,"column":22},"end":{"line":12,"column":67}},"5":{"start":{"line":17,"column":0},"end":{"line":17,"column":50}},"6":{"start":{"line":22,"column":0},"end":{"line":27,"column":2}},"7":{"start":{"line":32,"column":0},"end":{"line":37,"column":2}},"8":{"start":{"line":42,"column":0},"end":{"line":42,"column":59}},"9":{"start":{"line":47,"column":0},"end":{"line":47,"column":53}},"10":{"start":{"line":52,"column":0},"end":{"line":52,"column":53}},"11":{"start":{"line":54,"column":0},"end":{"line":54,"column":24}}},"fnMap":{},"branchMap":{},"s":{"0":1,"1":1,"2":1,"3":1,"4":1,"5":1,"6":1,"7":1,"8":1,"9":1,"10":1,"11":1},"f":{},"b":{},"_coverageSchema":"1a1c01bbd47fc00a2c39e90264f33305004495a9","hash":"626addaa1be03f8621dbfc72ef4e53817cd60629"}
,"/home/jrat/Documents/temp (copy)/digitalHR_13_march_2025 (2)/digitalHR_13_march_2025/backend/routes/document.js": {"path":"/home/jrat/Documents/temp (copy)/digitalHR_13_march_2025 (2)/digitalHR_13_march_2025/backend/routes/document.js","statementMap":{"0":{"start":{"line":1,"column":12},"end":{"line":1,"column":30}},"1":{"start":{"line":2,"column":15},"end":{"line":2,"column":32}},"2":{"start":{"line":3,"column":11},"end":{"line":3,"column":24}},"3":{"start":{"line":5,"column":16},"end":{"line":5,"column":34}},"4":{"start":{"line":6,"column":15},"end":{"line":6,"column":31}},"5":{"start":{"line":7,"column":17},"end":{"line":7,"column":45}},"6":{"start":{"line":12,"column":4},"end":{"line":12,"column":41}},"7":{"start":{"line":13,"column":22},"end":{"line":13,"column":67}},"8":{"start":{"line":15,"column":15},"end":{"line":15,"column":58}},"9":{"start":{"line":20,"column":0},"end":{"line":20,"column":48}},"10":{"start":{"line":25,"column":0},"end":{"line":30,"column":2}},"11":{"start":{"line":35,"column":0},"end":{"line":39,"column":2}},"12":{"start":{"line":41,"column":0},"end":{"line":41,"column":24}}},"fnMap":{},"branchMap":{},"s":{"0":1,"1":1,"2":1,"3":1,"4":1,"5":1,"6":1,"7":1,"8":1,"9":1,"10":1,"11":1,"12":1},"f":{},"b":{},"_coverageSchema":"1a1c01bbd47fc00a2c39e90264f33305004495a9","hash":"40c0d9c34cdcf411a6a5d4817c5099a9754fa98f"}
,"/home/jrat/Documents/temp (copy)/digitalHR_13_march_2025 (2)/digitalHR_13_march_2025/backend/routes/employee.js": {"path":"/home/jrat/Documents/temp (copy)/digitalHR_13_march_2025 (2)/digitalHR_13_march_2025/backend/routes/employee.js","statementMap":{"0":{"start":{"line":1,"column":16},"end":{"line":1,"column":34}},"1":{"start":{"line":2,"column":15},"end":{"line":2,"column":31}},"2":{"start":{"line":3,"column":17},"end":{"line":3,"column":45}},"3":{"start":{"line":20,"column":4},"end":{"line":20,"column":38}},"4":{"start":{"line":21,"column":22},"end":{"line":21,"column":67}},"5":{"start":{"line":26,"column":0},"end":{"line":26,"column":48}},"6":{"start":{"line":31,"column":0},"end":{"line":82,"column":2}},"7":{"start":{"line":87,"column":0},"end":{"line":100,"column":2}},"8":{"start":{"line":105,"column":0},"end":{"line":146,"column":2}},"9":{"start":{"line":151,"column":0},"end":{"line":164,"column":2}},"10":{"start":{"line":169,"column":0},"end":{"line":169,"column":54}},"11":{"start":{"line":174,"column":0},"end":{"line":178,"column":2}},"12":{"start":{"line":183,"column":0},"end":{"line":183,"column":51}},"13":{"start":{"line":188,"column":0},"end":{"line":188,"column":70}},"14":{"start":{"line":193,"column":0},"end":{"line":193,"column":60}},"15":{"start":{"line":198,"column":0},"end":{"line":198,"column":58}},"16":{"start":{"line":203,"column":0},"end":{"line":212,"column":2}},"17":{"start":{"line":217,"column":0},"end":{"line":217,"column":62}},"18":{"start":{"line":222,"column":0},"end":{"line":229,"column":2}},"19":{"start":{"line":231,"column":0},"end":{"line":231,"column":24}}},"fnMap":{},"branchMap":{},"s":{"0":1,"1":1,"2":1,"3":1,"4":1,"5":1,"6":1,"7":1,"8":1,"9":1,"10":1,"11":1,"12":1,"13":1,"14":1,"15":1,"16":1,"17":1,"18":1,"19":1},"f":{},"b":{},"_coverageSchema":"1a1c01bbd47fc00a2c39e90264f33305004495a9","hash":"a591eecb9b86b5e19d22dc8738f2ae64472df8f3"}
,"/home/jrat/Documents/temp (copy)/digitalHR_13_march_2025 (2)/digitalHR_13_march_2025/backend/routes/holidays.js": {"path":"/home/jrat/Documents/temp (copy)/digitalHR_13_march_2025 (2)/digitalHR_13_march_2025/backend/routes/holidays.js","statementMap":{"0":{"start":{"line":1,"column":16},"end":{"line":1,"column":34}},"1":{"start":{"line":2,"column":15},"end":{"line":2,"column":31}},"2":{"start":{"line":3,"column":17},"end":{"line":3,"column":45}},"3":{"start":{"line":10,"column":4},"end":{"line":10,"column":41}},"4":{"start":{"line":11,"column":22},"end":{"line":11,"column":67}},"5":{"start":{"line":16,"column":0},"end":{"line":16,"column":47}},"6":{"start":{"line":21,"column":0},"end":{"line":30,"column":2}},"7":{"start":{"line":35,"column":0},"end":{"line":35,"column":56}},"8":{"start":{"line":40,"column":0},"end":{"line":40,"column":50}},"9":{"start":{"line":45,"column":0},"end":{"line":45,"column":67}},"10":{"start":{"line":47,"column":0},"end":{"line":47,"column":24}}},"fnMap":{},"branchMap":{},"s":{"0":1,"1":1,"2":1,"3":1,"4":1,"5":1,"6":1,"7":1,"8":1,"9":1,"10":1},"f":{},"b":{},"_coverageSchema":"1a1c01bbd47fc00a2c39e90264f33305004495a9","hash":"8316e94237f25118b0f3b26e8eee6d01ea460c1f"}
,"/home/jrat/Documents/temp (copy)/digitalHR_13_march_2025 (2)/digitalHR_13_march_2025/backend/routes/notification.js": {"path":"/home/jrat/Documents/temp (copy)/digitalHR_13_march_2025 (2)/digitalHR_13_march_2025/backend/routes/notification.js","statementMap":{"0":{"start":{"line":1,"column":16},"end":{"line":1,"column":34}},"1":{"start":{"line":2,"column":15},"end":{"line":2,"column":31}},"2":{"start":{"line":3,"column":17},"end":{"line":3,"column":45}},"3":{"start":{"line":4,"column":22},"end":{"line":4,"column":67}},"4":{"start":{"line":11,"column":4},"end":{"line":11,"column":45}},"5":{"start":{"line":16,"column":0},"end":{"line":21,"column":2}},"6":{"start":{"line":26,"column":0},"end":{"line":36,"column":2}},"7":{"start":{"line":41,"column":0},"end":{"line":41,"column":59}},"8":{"start":{"line":46,"column":0},"end":{"line":46,"column":63}},"9":{"start":{"line":51,"column":0},"end":{"line":51,"column":66}},"10":{"start":{"line":53,"column":0},"end":{"line":53,"column":24}}},"fnMap":{},"branchMap":{},"s":{"0":1,"1":1,"2":1,"3":1,"4":1,"5":1,"6":1,"7":1,"8":1,"9":1,"10":1},"f":{},"b":{},"_coverageSchema":"1a1c01bbd47fc00a2c39e90264f33305004495a9","hash":"017dced1fc95bca4e9de72068c28a4c4ee2985ce"}
,"/home/jrat/Documents/temp (copy)/digitalHR_13_march_2025 (2)/digitalHR_13_march_2025/backend/routes/role.js": {"path":"/home/jrat/Documents/temp (copy)/digitalHR_13_march_2025 (2)/digitalHR_13_march_2025/backend/routes/role.js","statementMap":{"0":{"start":{"line":1,"column":16},"end":{"line":1,"column":34}},"1":{"start":{"line":2,"column":15},"end":{"line":2,"column":31}},"2":{"start":{"line":3,"column":17},"end":{"line":3,"column":45}},"3":{"start":{"line":11,"column":4},"end":{"line":11,"column":37}},"4":{"start":{"line":12,"column":22},"end":{"line":12,"column":67}},"5":{"start":{"line":17,"column":0},"end":{"line":17,"column":44}},"6":{"start":{"line":22,"column":0},"end":{"line":27,"column":2}},"7":{"start":{"line":32,"column":0},"end":{"line":37,"column":2}},"8":{"start":{"line":42,"column":0},"end":{"line":42,"column":53}},"9":{"start":{"line":47,"column":0},"end":{"line":47,"column":47}},"10":{"start":{"line":52,"column":0},"end":{"line":52,"column":47}},"11":{"start":{"line":54,"column":0},"end":{"line":54,"column":24}}},"fnMap":{},"branchMap":{},"s":{"0":1,"1":1,"2":1,"3":1,"4":1,"5":1,"6":1,"7":1,"8":1,"9":1,"10":1,"11":1},"f":{},"b":{},"_coverageSchema":"1a1c01bbd47fc00a2c39e90264f33305004495a9","hash":"36195cc15b8e4c8f5c3986c3bf97dad80c8498cb"}
,"/home/jrat/Documents/temp (copy)/digitalHR_13_march_2025 (2)/digitalHR_13_march_2025/backend/routes/settings.js": {"path":"/home/jrat/Documents/temp (copy)/digitalHR_13_march_2025 (2)/digitalHR_13_march_2025/backend/routes/settings.js","statementMap":{"0":{"start":{"line":1,"column":16},"end":{"line":1,"column":34}},"1":{"start":{"line":2,"column":15},"end":{"line":2,"column":31}},"2":{"start":{"line":3,"column":17},"end":{"line":3,"column":45}},"3":{"start":{"line":19,"column":4},"end":{"line":19,"column":41}},"4":{"start":{"line":20,"column":22},"end":{"line":20,"column":67}},"5":{"start":{"line":25,"column":0},"end":{"line":25,"column":48}},"6":{"start":{"line":30,"column":0},"end":{"line":35,"column":2}},"7":{"start":{"line":40,"column":0},"end":{"line":45,"column":2}},"8":{"start":{"line":50,"column":0},"end":{"line":50,"column":69}},"9":{"start":{"line":55,"column":0},"end":{"line":60,"column":2}},"10":{"start":{"line":65,"column":0},"end":{"line":70,"column":2}},"11":{"start":{"line":75,"column":0},"end":{"line":80,"column":2}},"12":{"start":{"line":83,"column":0},"end":{"line":88,"column":2}},"13":{"start":{"line":90,"column":0},"end":{"line":100,"column":2}},"14":{"start":{"line":105,"column":0},"end":{"line":118,"column":2}},"15":{"start":{"line":123,"column":0},"end":{"line":123,"column":63}},"16":{"start":{"line":128,"column":0},"end":{"line":128,"column":74}},"17":{"start":{"line":133,"column":0},"end":{"line":133,"column":61}},"18":{"start":{"line":135,"column":0},"end":{"line":135,"column":24}}},"fnMap":{},"branchMap":{},"s":{"0":1,"1":1,"2":1,"3":1,"4":1,"5":1,"6":1,"7":1,"8":1,"9":1,"10":1,"11":1,"12":1,"13":1,"14":1,"15":1,"16":1,"17":1,"18":1},"f":{},"b":{},"_coverageSchema":"1a1c01bbd47fc00a2c39e90264f33305004495a9","hash":"c59a87d320490c3ad67db7222f84d6031a3ed617"}
,"/home/jrat/Documents/temp (copy)/digitalHR_13_march_2025 (2)/digitalHR_13_march_2025/backend/routes/team.js": {"path":"/home/jrat/Documents/temp (copy)/digitalHR_13_march_2025 (2)/digitalHR_13_march_2025/backend/routes/team.js","statementMap":{"0":{"start":{"line":1,"column":16},"end":{"line":1,"column":34}},"1":{"start":{"line":2,"column":15},"end":{"line":2,"column":31}},"2":{"start":{"line":3,"column":17},"end":{"line":3,"column":45}},"3":{"start":{"line":11,"column":4},"end":{"line":11,"column":37}},"4":{"start":{"line":12,"column":22},"end":{"line":12,"column":67}},"5":{"start":{"line":17,"column":0},"end":{"line":17,"column":44}},"6":{"start":{"line":22,"column":0},"end":{"line":27,"column":2}},"7":{"start":{"line":32,"column":0},"end":{"line":37,"column":2}},"8":{"start":{"line":42,"column":0},"end":{"line":42,"column":53}},"9":{"start":{"line":47,"column":0},"end":{"line":47,"column":47}},"10":{"start":{"line":52,"column":0},"end":{"line":52,"column":47}},"11":{"start":{"line":54,"column":0},"end":{"line":54,"column":24}}},"fnMap":{},"branchMap":{},"s":{"0":1,"1":1,"2":1,"3":1,"4":1,"5":1,"6":1,"7":1,"8":1,"9":1,"10":1,"11":1},"f":{},"b":{},"_coverageSchema":"1a1c01bbd47fc00a2c39e90264f33305004495a9","hash":"ef5e6d999bae61c48fa2fdbb3384e80fe610a911"}
,"/home/jrat/Documents/temp (copy)/digitalHR_13_march_2025 (2)/digitalHR_13_march_2025/backend/routes/user.js": {"path":"/home/jrat/Documents/temp (copy)/digitalHR_13_march_2025 (2)/digitalHR_13_march_2025/backend/routes/user.js","statementMap":{"0":{"start":{"line":1,"column":16},"end":{"line":1,"column":34}},"1":{"start":{"line":2,"column":15},"end":{"line":2,"column":31}},"2":{"start":{"line":3,"column":17},"end":{"line":3,"column":45}},"3":{"start":{"line":15,"column":4},"end":{"line":15,"column":34}},"4":{"start":{"line":16,"column":22},"end":{"line":16,"column":67}},"5":{"start":{"line":21,"column":0},"end":{"line":21,"column":44}},"6":{"start":{"line":26,"column":0},"end":{"line":46,"column":2}},"7":{"start":{"line":51,"column":0},"end":{"line":58,"column":2}},"8":{"start":{"line":63,"column":0},"end":{"line":63,"column":54}},"9":{"start":{"line":68,"column":0},"end":{"line":68,"column":47}},"10":{"start":{"line":73,"column":0},"end":{"line":73,"column":47}},"11":{"start":{"line":78,"column":0},"end":{"line":89,"column":2}},"12":{"start":{"line":94,"column":0},"end":{"line":99,"column":2}},"13":{"start":{"line":104,"column":0},"end":{"line":104,"column":53}},"14":{"start":{"line":109,"column":0},"end":{"line":109,"column":54}},"15":{"start":{"line":111,"column":0},"end":{"line":111,"column":24}}},"fnMap":{},"branchMap":{},"s":{"0":1,"1":1,"2":1,"3":1,"4":1,"5":1,"6":1,"7":1,"8":1,"9":1,"10":1,"11":1,"12":1,"13":1,"14":1,"15":1},"f":{},"b":{},"_coverageSchema":"1a1c01bbd47fc00a2c39e90264f33305004495a9","hash":"32294f5d7143ca407c0d918755abc1153d2840df"}
}
