TN:
SF:app.js
FN:30,(anonymous_0)
FN:50,(anonymous_1)
FN:58,(anonymous_2)
FN:70,(anonymous_3)
FNF:4
FNH:1
FNDA:1,(anonymous_0)
FNDA:0,(anonymous_1)
FNDA:0,(anonymous_2)
FNDA:0,(anonymous_3)
DA:1,1
DA:2,1
DA:3,1
DA:4,1
DA:5,1
DA:6,1
DA:7,1
DA:8,1
DA:9,1
DA:10,1
DA:12,1
DA:14,1
DA:15,1
DA:16,1
DA:17,1
DA:19,1
DA:21,1
DA:28,1
DA:30,1
DA:31,1
DA:32,1
DA:33,1
DA:36,1
DA:37,1
DA:38,1
DA:39,1
DA:40,1
DA:41,1
DA:42,1
DA:43,1
DA:44,1
DA:45,1
DA:46,1
DA:48,1
DA:50,1
DA:51,0
DA:52,0
DA:58,0
DA:59,0
DA:60,0
DA:61,0
DA:63,0
DA:64,0
DA:69,1
DA:70,0
DA:71,0
DA:75,1
LF:47
LH:37
BRDA:19,0,0,1
BRDA:19,0,1,0
BRDA:31,1,0,1
BRDA:31,1,1,1
BRDA:59,2,0,0
BRDA:59,2,1,0
BRDA:69,3,0,0
BRDA:69,3,1,1
BRF:8
BRH:4
end_of_record
TN:
SF:config/db.js
FN:5,(anonymous_0)
FNF:1
FNH:1
FNDA:1,(anonymous_0)
DA:1,1
DA:2,1
DA:3,1
DA:5,1
DA:6,1
DA:7,1
DA:8,1
DA:13,1
DA:17,0
DA:18,0
DA:19,0
DA:23,1
LF:12
LH:9
BRF:0
BRH:0
end_of_record
TN:
SF:config/logger.js
FN:13,(anonymous_0)
FNF:1
FNH:1
FNDA:2,(anonymous_0)
DA:1,1
DA:2,1
DA:5,1
DA:13,2
DA:23,1
LF:5
LH:5
BRF:0
BRH:0
end_of_record
TN:
SF:controllers/attendance.js
FN:8,(anonymous_0)
FN:30,(anonymous_1)
FN:114,(anonymous_2)
FN:174,(anonymous_3)
FN:205,(anonymous_4)
FN:241,(anonymous_5)
FN:280,(anonymous_6)
FN:338,(anonymous_7)
FN:378,(anonymous_8)
FN:432,(anonymous_9)
FN:477,(anonymous_10)
FNF:11
FNH:0
FNDA:0,(anonymous_0)
FNDA:0,(anonymous_1)
FNDA:0,(anonymous_2)
FNDA:0,(anonymous_3)
FNDA:0,(anonymous_4)
FNDA:0,(anonymous_5)
FNDA:0,(anonymous_6)
FNDA:0,(anonymous_7)
FNDA:0,(anonymous_8)
FNDA:0,(anonymous_9)
FNDA:0,(anonymous_10)
DA:1,1
DA:2,1
DA:3,1
DA:8,1
DA:9,0
DA:10,0
DA:12,0
DA:13,0
DA:16,0
DA:20,0
DA:23,0
DA:30,1
DA:31,0
DA:32,0
DA:33,0
DA:34,0
DA:35,0
DA:37,0
DA:39,0
DA:41,0
DA:42,0
DA:45,0
DA:48,0
DA:49,0
DA:50,0
DA:53,0
DA:54,0
DA:55,0
DA:77,0
DA:79,0
DA:82,0
DA:84,0
DA:87,0
DA:91,0
DA:92,0
DA:98,0
DA:104,0
DA:107,0
DA:114,1
DA:115,0
DA:116,0
DA:117,0
DA:118,0
DA:120,0
DA:121,0
DA:124,0
DA:125,0
DA:128,0
DA:131,0
DA:132,0
DA:133,0
DA:148,0
DA:151,0
DA:156,0
DA:159,0
DA:164,0
DA:167,0
DA:174,1
DA:175,0
DA:176,0
DA:177,0
DA:179,0
DA:180,0
DA:183,0
DA:184,0
DA:187,0
DA:189,0
DA:192,0
DA:195,0
DA:198,0
DA:205,1
DA:206,0
DA:207,0
DA:208,0
DA:209,0
DA:211,0
DA:212,0
DA:214,0
DA:215,0
DA:219,0
DA:220,0
DA:223,0
DA:225,0
DA:228,0
DA:231,0
DA:234,0
DA:241,1
DA:242,0
DA:243,0
DA:244,0
DA:246,0
DA:247,0
DA:248,0
DA:251,0
DA:252,0
DA:256,0
DA:258,0
DA:261,0
DA:264,0
DA:267,0
DA:270,0
DA:273,0
DA:280,1
DA:281,0
DA:282,0
DA:283,0
DA:284,0
DA:286,0
DA:287,0
DA:289,0
DA:310,0
DA:311,0
DA:314,0
DA:316,0
DA:319,0
DA:322,0
DA:325,0
DA:328,0
DA:331,0
DA:338,1
DA:339,0
DA:340,0
DA:341,0
DA:342,0
DA:344,0
DA:345,0
DA:346,0
DA:350,0
DA:351,0
DA:354,0
DA:356,0
DA:359,0
DA:362,0
DA:365,0
DA:368,0
DA:371,0
DA:378,1
DA:379,0
DA:380,0
DA:381,0
DA:382,0
DA:384,0
DA:385,0
DA:386,0
DA:387,0
DA:389,0
DA:391,0
DA:404,0
DA:405,0
DA:408,0
DA:410,0
DA:413,0
DA:416,0
DA:419,0
DA:422,0
DA:425,0
DA:432,1
DA:433,0
DA:434,0
DA:435,0
DA:436,0
DA:438,0
DA:439,0
DA:440,0
DA:442,0
DA:444,0
DA:449,0
DA:450,0
DA:453,0
DA:455,0
DA:458,0
DA:461,0
DA:464,0
DA:467,0
DA:470,0
DA:477,1
DA:478,0
DA:479,0
DA:480,0
DA:481,0
DA:483,0
DA:484,0
DA:485,0
DA:488,0
DA:489,0
DA:494,0
DA:495,0
DA:498,0
DA:500,0
DA:503,0
DA:506,0
DA:509,0
DA:512,0
DA:515,0
DA:519,1
LF:195
LH:15
BRDA:10,0,0,0
BRDA:10,0,1,0
BRDA:12,1,0,0
BRDA:12,1,1,0
BRDA:32,2,0,0
BRDA:32,2,1,0
BRDA:41,3,0,0
BRDA:41,3,1,0
BRDA:48,4,0,0
BRDA:48,4,1,0
BRDA:74,5,0,0
BRDA:74,5,1,0
BRDA:91,6,0,0
BRDA:91,6,1,0
BRDA:116,7,0,0
BRDA:116,7,1,0
BRDA:124,8,0,0
BRDA:124,8,1,0
BRDA:131,9,0,0
BRDA:131,9,1,0
BRDA:145,10,0,0
BRDA:145,10,1,0
BRDA:177,11,0,0
BRDA:177,11,1,0
BRDA:179,12,0,0
BRDA:179,12,1,0
BRDA:183,13,0,0
BRDA:183,13,1,0
BRDA:212,14,0,0
BRDA:212,14,1,0
BRDA:214,15,0,0
BRDA:214,15,1,0
BRDA:219,16,0,0
BRDA:219,16,1,0
BRDA:244,17,0,0
BRDA:244,17,1,0
BRDA:246,18,0,0
BRDA:246,18,1,0
BRDA:251,19,0,0
BRDA:251,19,1,0
BRDA:284,20,0,0
BRDA:284,20,1,0
BRDA:286,21,0,0
BRDA:286,21,1,0
BRDA:310,22,0,0
BRDA:310,22,1,0
BRDA:342,23,0,0
BRDA:342,23,1,0
BRDA:344,24,0,0
BRDA:344,24,1,0
BRDA:350,25,0,0
BRDA:350,25,1,0
BRDA:382,26,0,0
BRDA:382,26,1,0
BRDA:384,27,0,0
BRDA:384,27,1,0
BRDA:404,28,0,0
BRDA:404,28,1,0
BRDA:404,29,0,0
BRDA:404,29,1,0
BRDA:436,30,0,0
BRDA:436,30,1,0
BRDA:438,31,0,0
BRDA:438,31,1,0
BRDA:449,32,0,0
BRDA:449,32,1,0
BRDA:449,33,0,0
BRDA:449,33,1,0
BRDA:481,34,0,0
BRDA:481,34,1,0
BRDA:483,35,0,0
BRDA:483,35,1,0
BRDA:488,36,0,0
BRDA:488,36,1,0
BRF:74
BRH:0
end_of_record
TN:
SF:controllers/client.js
FN:14,(anonymous_0)
FN:34,(anonymous_1)
FN:106,(anonymous_2)
FN:176,(anonymous_3)
FN:248,(anonymous_4)
FN:328,(anonymous_5)
FN:401,(anonymous_6)
FN:435,(anonymous_7)
FN:471,(anonymous_8)
FN:521,(anonymous_9)
FN:605,(anonymous_10)
FN:661,(anonymous_11)
FN:691,(anonymous_12)
FN:790,(anonymous_13)
FN:848,(anonymous_14)
FNF:15
FNH:0
FNDA:0,(anonymous_0)
FNDA:0,(anonymous_1)
FNDA:0,(anonymous_2)
FNDA:0,(anonymous_3)
FNDA:0,(anonymous_4)
FNDA:0,(anonymous_5)
FNDA:0,(anonymous_6)
FNDA:0,(anonymous_7)
FNDA:0,(anonymous_8)
FNDA:0,(anonymous_9)
FNDA:0,(anonymous_10)
FNDA:0,(anonymous_11)
FNDA:0,(anonymous_12)
FNDA:0,(anonymous_13)
FNDA:0,(anonymous_14)
DA:1,1
DA:2,1
DA:3,1
DA:4,1
DA:5,1
DA:6,1
DA:7,1
DA:9,1
DA:14,1
DA:15,0
DA:16,0
DA:18,0
DA:19,0
DA:22,0
DA:24,0
DA:27,0
DA:34,1
DA:35,0
DA:36,0
DA:37,0
DA:38,0
DA:39,0
DA:41,0
DA:42,0
DA:47,0
DA:50,0
DA:51,0
DA:54,0
DA:57,0
DA:58,0
DA:61,0
DA:62,0
DA:64,0
DA:65,0
DA:66,0
DA:68,0
DA:72,0
DA:73,0
DA:75,0
DA:89,0
DA:91,0
DA:94,0
DA:96,0
DA:101,0
DA:102,0
DA:106,1
DA:107,0
DA:108,0
DA:109,0
DA:110,0
DA:111,0
DA:112,0
DA:114,0
DA:115,0
DA:118,0
DA:120,0
DA:121,0
DA:124,0
DA:125,0
DA:127,0
DA:128,0
DA:129,0
DA:131,0
DA:135,0
DA:136,0
DA:141,0
DA:170,0
DA:176,1
DA:177,0
DA:178,0
DA:180,0
DA:181,0
DA:182,0
DA:184,0
DA:186,0
DA:187,0
DA:189,0
DA:190,0
DA:192,0
DA:193,0
DA:196,0
DA:201,0
DA:202,0
DA:205,0
DA:208,0
DA:209,0
DA:212,0
DA:214,0
DA:219,0
DA:220,0
DA:223,0
DA:228,0
DA:232,0
DA:235,0
DA:239,0
DA:240,0
DA:241,0
DA:248,1
DA:249,0
DA:250,0
DA:251,0
DA:252,0
DA:253,0
DA:255,0
DA:256,0
DA:261,0
DA:264,0
DA:265,0
DA:268,0
DA:271,0
DA:272,0
DA:273,0
DA:274,0
DA:291,0
DA:308,0
DA:310,0
DA:313,0
DA:315,0
DA:320,0
DA:321,0
DA:328,1
DA:329,0
DA:330,0
DA:331,0
DA:333,0
DA:334,0
DA:336,0
DA:337,0
DA:342,0
DA:345,0
DA:346,0
DA:349,0
DA:352,0
DA:353,0
DA:377,0
DA:378,0
DA:381,0
DA:384,0
DA:387,0
DA:389,0
DA:394,0
DA:401,1
DA:402,0
DA:403,0
DA:405,0
DA:406,0
DA:407,0
DA:411,0
DA:414,0
DA:419,0
DA:422,0
DA:425,0
DA:428,0
DA:435,1
DA:436,0
DA:437,0
DA:438,0
DA:440,0
DA:441,0
DA:442,0
DA:447,0
DA:450,0
DA:455,0
DA:458,0
DA:461,0
DA:464,0
DA:471,1
DA:472,0
DA:473,0
DA:474,0
DA:475,0
DA:476,0
DA:477,0
DA:480,0
DA:481,0
DA:482,0
DA:487,0
DA:488,0
DA:489,0
DA:492,0
DA:497,0
DA:500,0
DA:505,0
DA:508,0
DA:511,0
DA:514,0
DA:521,1
DA:522,0
DA:523,0
DA:525,0
DA:526,0
DA:528,0
DA:529,0
DA:531,0
DA:532,0
DA:535,0
DA:538,0
DA:539,0
DA:540,0
DA:541,0
DA:542,0
DA:574,0
DA:577,0
DA:581,0
DA:584,0
DA:587,0
DA:590,0
DA:595,0
DA:598,0
DA:605,1
DA:606,0
DA:607,0
DA:608,0
DA:610,0
DA:611,0
DA:612,0
DA:615,0
DA:616,0
DA:617,0
DA:618,0
DA:626,0
DA:630,0
DA:633,0
DA:637,0
DA:640,0
DA:643,0
DA:646,0
DA:649,0
DA:652,0
DA:661,1
DA:662,0
DA:663,0
DA:664,0
DA:671,0
DA:672,0
DA:675,0
DA:680,0
DA:681,0
DA:684,0
DA:691,1
DA:692,0
DA:693,0
DA:694,0
DA:696,0
DA:697,0
DA:698,0
DA:700,0
DA:701,0
DA:702,0
DA:703,0
DA:707,0
DA:711,0
DA:719,0
DA:727,0
DA:730,0
DA:735,0
DA:739,0
DA:742,0
DA:749,0
DA:757,0
DA:760,0
DA:766,0
DA:769,0
DA:772,0
DA:775,0
DA:778,0
DA:781,0
DA:790,1
DA:791,0
DA:792,0
DA:793,0
DA:794,0
DA:796,0
DA:797,0
DA:798,0
DA:801,0
DA:804,0
DA:805,0
DA:806,0
DA:807,0
DA:808,0
DA:809,0
DA:810,0
DA:813,0
DA:816,0
DA:819,0
DA:824,0
DA:827,0
DA:830,0
DA:833,0
DA:836,0
DA:839,0
DA:848,1
DA:849,0
DA:850,0
DA:851,0
DA:852,0
DA:854,0
DA:855,0
DA:857,0
DA:858,0
DA:860,0
DA:861,0
DA:864,0
DA:867,0
DA:868,0
DA:869,0
DA:870,0
DA:871,0
DA:872,0
DA:874,0
DA:875,0
DA:886,0
DA:889,0
DA:890,0
DA:901,0
DA:904,0
DA:905,0
DA:916,0
DA:919,0
DA:920,0
DA:931,0
DA:934,0
DA:937,0
DA:941,0
DA:944,0
DA:947,0
DA:950,0
DA:955,0
DA:958,0
DA:962,1
LF:331
LH:24
BRDA:15,0,0,0
BRDA:15,0,1,0
BRDA:18,1,0,0
BRDA:18,1,1,0
BRDA:36,2,0,0
BRDA:36,2,1,0
BRDA:41,3,0,0
BRDA:41,3,1,0
BRDA:44,4,0,0
BRDA:44,4,1,0
BRDA:50,5,0,0
BRDA:50,5,1,0
BRDA:98,6,0,0
BRDA:98,6,1,0
BRDA:108,7,0,0
BRDA:108,7,1,0
BRDA:114,8,0,0
BRDA:114,8,1,0
BRDA:178,9,0,0
BRDA:178,9,1,0
BRDA:180,10,0,0
BRDA:180,10,1,0
BRDA:192,11,0,0
BRDA:192,11,1,0
BRDA:201,12,0,0
BRDA:201,12,1,0
BRDA:208,13,0,0
BRDA:208,13,1,0
BRDA:219,14,0,0
BRDA:219,14,1,0
BRDA:250,15,0,0
BRDA:250,15,1,0
BRDA:255,16,0,0
BRDA:255,16,1,0
BRDA:258,17,0,0
BRDA:258,17,1,0
BRDA:264,18,0,0
BRDA:264,18,1,0
BRDA:317,19,0,0
BRDA:317,19,1,0
BRDA:334,20,0,0
BRDA:334,20,1,0
BRDA:336,21,0,0
BRDA:336,21,1,0
BRDA:339,22,0,0
BRDA:339,22,1,0
BRDA:345,23,0,0
BRDA:345,23,1,0
BRDA:377,24,0,0
BRDA:377,24,1,0
BRDA:391,25,0,0
BRDA:391,25,1,0
BRDA:403,26,0,0
BRDA:403,26,1,0
BRDA:406,27,0,0
BRDA:406,27,1,0
BRDA:406,28,0,0
BRDA:406,28,1,0
BRDA:437,29,0,0
BRDA:437,29,1,0
BRDA:441,30,0,0
BRDA:441,30,1,0
BRDA:473,31,0,0
BRDA:473,31,1,0
BRDA:475,32,0,0
BRDA:475,32,1,0
BRDA:480,33,0,0
BRDA:480,33,1,0
BRDA:488,34,0,0
BRDA:488,34,1,0
BRDA:529,35,0,0
BRDA:529,35,1,0
BRDA:531,36,0,0
BRDA:531,36,1,0
BRDA:538,37,0,0
BRDA:538,37,1,0
BRDA:541,38,0,0
BRDA:541,38,1,0
BRDA:608,39,0,0
BRDA:608,39,1,0
BRDA:611,40,0,0
BRDA:611,40,1,0
BRDA:616,41,0,0
BRDA:616,41,1,0
BRDA:662,42,0,0
BRDA:662,42,1,0
BRDA:671,43,0,0
BRDA:671,43,1,0
BRDA:694,44,0,0
BRDA:694,44,1,0
BRDA:697,45,0,0
BRDA:697,45,1,0
BRDA:700,46,0,0
BRDA:700,46,1,0
BRDA:702,47,0,0
BRDA:702,47,1,0
BRDA:794,48,0,0
BRDA:794,48,1,0
BRDA:797,49,0,0
BRDA:797,49,1,0
BRDA:805,50,0,0
BRDA:805,50,1,0
BRDA:809,51,0,0
BRDA:809,51,1,0
BRDA:858,52,0,0
BRDA:858,52,1,0
BRDA:860,53,0,0
BRDA:860,53,1,0
BRDA:867,54,0,0
BRDA:867,54,1,0
BRDA:871,55,0,0
BRDA:871,55,1,0
BRDA:874,56,0,0
BRDA:874,56,1,0
BRDA:889,57,0,0
BRDA:889,57,1,0
BRDA:904,58,0,0
BRDA:904,58,1,0
BRDA:919,59,0,0
BRDA:919,59,1,0
BRF:120
BRH:0
end_of_record
TN:
SF:controllers/department.js
FN:8,(anonymous_0)
FN:30,(anonymous_1)
FN:54,(anonymous_2)
FN:60,(anonymous_3)
FN:77,(anonymous_4)
FN:139,(anonymous_5)
FN:190,(anonymous_6)
FN:223,(anonymous_7)
FNF:8
FNH:0
FNDA:0,(anonymous_0)
FNDA:0,(anonymous_1)
FNDA:0,(anonymous_2)
FNDA:0,(anonymous_3)
FNDA:0,(anonymous_4)
FNDA:0,(anonymous_5)
FNDA:0,(anonymous_6)
FNDA:0,(anonymous_7)
DA:1,1
DA:2,1
DA:3,1
DA:8,1
DA:9,0
DA:10,0
DA:12,0
DA:13,0
DA:16,0
DA:20,0
DA:23,0
DA:30,1
DA:31,0
DA:32,0
DA:33,0
DA:35,0
DA:36,0
DA:37,0
DA:40,0
DA:41,0
DA:43,0
DA:44,0
DA:45,0
DA:48,0
DA:51,0
DA:55,0
DA:58,0
DA:61,0
DA:64,0
DA:67,0
DA:70,0
DA:77,1
DA:78,0
DA:79,0
DA:81,0
DA:83,0
DA:84,0
DA:86,0
DA:87,0
DA:90,0
DA:93,0
DA:94,0
DA:95,0
DA:99,0
DA:100,0
DA:101,0
DA:108,0
DA:111,0
DA:115,0
DA:118,0
DA:121,0
DA:124,0
DA:127,0
DA:130,0
DA:139,1
DA:140,0
DA:141,0
DA:143,0
DA:145,0
DA:146,0
DA:147,0
DA:150,0
DA:151,0
DA:152,0
DA:159,0
DA:162,0
DA:166,0
DA:169,0
DA:172,0
DA:175,0
DA:178,0
DA:181,0
DA:190,1
DA:191,0
DA:192,0
DA:194,0
DA:195,0
DA:196,0
DA:199,0
DA:202,0
DA:207,0
DA:210,0
DA:213,0
DA:216,0
DA:223,1
DA:224,0
DA:225,0
DA:226,0
DA:227,0
DA:228,0
DA:229,0
DA:232,0
DA:233,0
DA:236,0
DA:241,0
DA:244,0
DA:249,0
DA:252,0
DA:255,0
DA:258,0
DA:262,1
LF:101
LH:10
BRDA:10,0,0,0
BRDA:10,0,1,0
BRDA:12,1,0,0
BRDA:12,1,1,0
BRDA:32,2,0,0
BRDA:32,2,1,0
BRDA:35,3,0,0
BRDA:35,3,1,0
BRDA:40,4,0,0
BRDA:40,4,1,0
BRDA:44,5,0,0
BRDA:44,5,1,0
BRDA:84,6,0,0
BRDA:84,6,1,0
BRDA:86,7,0,0
BRDA:86,7,1,0
BRDA:94,8,0,0
BRDA:94,8,1,0
BRDA:100,9,0,0
BRDA:100,9,1,0
BRDA:141,10,0,0
BRDA:141,10,1,0
BRDA:146,11,0,0
BRDA:146,11,1,0
BRDA:151,12,0,0
BRDA:151,12,1,0
BRDA:191,13,0,0
BRDA:191,13,1,0
BRDA:195,14,0,0
BRDA:195,14,1,0
BRDA:225,15,0,0
BRDA:225,15,1,0
BRDA:227,16,0,0
BRDA:227,16,1,0
BRDA:232,17,0,0
BRDA:232,17,1,0
BRF:36
BRH:0
end_of_record
TN:
SF:controllers/document.js
FN:32,(anonymous_0)
FN:52,(anonymous_1)
FN:103,(anonymous_2)
FNF:3
FNH:0
FNDA:0,(anonymous_0)
FNDA:0,(anonymous_1)
FNDA:0,(anonymous_2)
DA:1,1
DA:2,1
DA:3,1
DA:5,1
DA:6,1
DA:8,1
DA:10,1
DA:11,1
DA:12,1
DA:14,1
DA:16,1
DA:18,1
DA:25,1
DA:27,1
DA:32,1
DA:33,0
DA:34,0
DA:36,0
DA:37,0
DA:40,0
DA:42,0
DA:45,0
DA:52,1
DA:53,0
DA:54,0
DA:55,0
DA:57,0
DA:59,0
DA:60,0
DA:63,0
DA:66,0
DA:67,0
DA:69,0
DA:70,0
DA:73,0
DA:80,0
DA:82,0
DA:83,0
DA:85,0
DA:88,0
DA:92,0
DA:95,0
DA:103,1
DA:104,0
DA:105,0
DA:106,0
DA:107,0
DA:116,0
DA:117,0
DA:118,0
DA:120,0
DA:125,0
DA:126,0
DA:127,0
DA:128,0
DA:129,0
DA:130,0
DA:141,0
DA:144,0
DA:148,0
DA:149,0
DA:152,0
DA:156,1
LF:63
LH:18
BRDA:33,0,0,0
BRDA:33,0,1,0
BRDA:36,1,0,0
BRDA:36,1,1,0
BRDA:53,2,0,0
BRDA:53,2,1,0
BRDA:59,3,0,0
BRDA:59,3,1,0
BRDA:69,4,0,0
BRDA:69,4,1,0
BRDA:69,5,0,0
BRDA:69,5,1,0
BRDA:69,5,2,0
BRDA:104,6,0,0
BRDA:104,6,1,0
BRDA:129,7,0,0
BRDA:129,7,1,0
BRF:17
BRH:0
end_of_record
TN:
SF:controllers/employee.js
FN:18,(anonymous_0)
FN:38,(anonymous_1)
FN:206,(anonymous_2)
FN:353,(anonymous_3)
FN:438,(anonymous_4)
FN:509,(anonymous_5)
FN:603,(anonymous_6)
FN:636,(anonymous_7)
FN:686,(anonymous_8)
FN:731,(anonymous_9)
FN:841,(anonymous_10)
FN:911,(anonymous_11)
FN:967,(anonymous_12)
FN:1065,(anonymous_13)
FN:1123,(anonymous_14)
FN:1223,(anonymous_15)
FNF:16
FNH:0
FNDA:0,(anonymous_0)
FNDA:0,(anonymous_1)
FNDA:0,(anonymous_2)
FNDA:0,(anonymous_3)
FNDA:0,(anonymous_4)
FNDA:0,(anonymous_5)
FNDA:0,(anonymous_6)
FNDA:0,(anonymous_7)
FNDA:0,(anonymous_8)
FNDA:0,(anonymous_9)
FNDA:0,(anonymous_10)
FNDA:0,(anonymous_11)
FNDA:0,(anonymous_12)
FNDA:0,(anonymous_13)
FNDA:0,(anonymous_14)
FNDA:0,(anonymous_15)
DA:1,1
DA:3,1
DA:4,1
DA:5,1
DA:6,1
DA:7,1
DA:8,1
DA:9,1
DA:10,1
DA:12,1
DA:13,1
DA:18,1
DA:19,0
DA:20,0
DA:22,0
DA:23,0
DA:26,0
DA:28,0
DA:31,0
DA:38,1
DA:39,0
DA:40,0
DA:41,0
DA:42,0
DA:43,0
DA:45,0
DA:46,0
DA:51,0
DA:54,0
DA:55,0
DA:58,0
DA:61,0
DA:88,0
DA:92,0
DA:94,0
DA:95,0
DA:99,0
DA:100,0
DA:101,0
DA:103,0
DA:104,0
DA:106,0
DA:108,0
DA:110,0
DA:111,0
DA:112,0
DA:113,0
DA:115,0
DA:134,0
DA:186,0
DA:188,0
DA:191,0
DA:193,0
DA:198,0
DA:199,0
DA:206,1
DA:207,0
DA:208,0
DA:209,0
DA:210,0
DA:212,0
DA:213,0
DA:218,0
DA:221,0
DA:222,0
DA:225,0
DA:228,0
DA:229,0
DA:230,0
DA:231,0
DA:233,0
DA:237,0
DA:238,0
DA:241,0
DA:244,0
DA:245,0
DA:249,0
DA:253,0
DA:254,0
DA:257,0
DA:259,0
DA:260,0
DA:264,0
DA:265,0
DA:266,0
DA:267,0
DA:272,0
DA:274,0
DA:275,0
DA:277,0
DA:279,0
DA:281,0
DA:283,0
DA:333,0
DA:337,0
DA:342,0
DA:343,0
DA:347,0
DA:353,1
DA:354,0
DA:355,0
DA:356,0
DA:357,0
DA:358,0
DA:360,0
DA:361,0
DA:366,0
DA:369,0
DA:370,0
DA:373,0
DA:376,0
DA:377,0
DA:396,0
DA:419,0
DA:421,0
DA:424,0
DA:426,0
DA:431,0
DA:432,0
DA:438,1
DA:439,0
DA:440,0
DA:441,0
DA:443,0
DA:444,0
DA:446,0
DA:447,0
DA:452,0
DA:455,0
DA:456,0
DA:459,0
DA:462,0
DA:463,0
DA:485,0
DA:486,0
DA:489,0
DA:492,0
DA:495,0
DA:497,0
DA:502,0
DA:509,1
DA:511,0
DA:512,0
DA:514,0
DA:517,0
DA:526,0
DA:528,0
DA:529,0
DA:531,0
DA:535,0
DA:543,0
DA:544,0
DA:548,0
DA:556,0
DA:559,0
DA:569,0
DA:575,0
DA:582,0
DA:586,0
DA:595,0
DA:603,1
DA:604,0
DA:605,0
DA:607,0
DA:608,0
DA:611,0
DA:613,0
DA:616,0
DA:620,0
DA:623,0
DA:626,0
DA:629,0
DA:636,1
DA:637,0
DA:638,0
DA:639,0
DA:641,0
DA:642,0
DA:643,0
DA:647,0
DA:648,0
DA:653,0
DA:654,0
DA:657,0
DA:662,0
DA:665,0
DA:670,0
DA:673,0
DA:676,0
DA:679,0
DA:686,1
DA:687,0
DA:688,0
DA:689,0
DA:691,0
DA:692,0
DA:693,0
DA:694,0
DA:697,0
DA:699,0
DA:700,0
DA:703,0
DA:708,0
DA:711,0
DA:716,0
DA:719,0
DA:722,0
DA:725,0
DA:731,1
DA:732,0
DA:733,0
DA:736,0
DA:738,0
DA:739,0
DA:741,0
DA:742,0
DA:744,0
DA:745,0
DA:748,0
DA:751,0
DA:752,0
DA:753,0
DA:754,0
DA:755,0
DA:795,0
DA:809,0
DA:812,0
DA:816,0
DA:819,0
DA:822,0
DA:825,0
DA:830,0
DA:833,0
DA:841,1
DA:842,0
DA:844,0
DA:847,0
DA:850,0
DA:851,0
DA:853,0
DA:854,0
DA:856,0
DA:857,0
DA:860,0
DA:863,0
DA:864,0
DA:866,0
DA:867,0
DA:869,0
DA:878,0
DA:881,0
DA:885,0
DA:888,0
DA:891,0
DA:895,0
DA:900,0
DA:903,0
DA:911,1
DA:912,0
DA:913,0
DA:914,0
DA:916,0
DA:917,0
DA:918,0
DA:921,0
DA:922,0
DA:923,0
DA:924,0
DA:932,0
DA:936,0
DA:939,0
DA:943,0
DA:946,0
DA:949,0
DA:952,0
DA:955,0
DA:958,0
DA:967,1
DA:968,0
DA:969,0
DA:970,0
DA:972,0
DA:973,0
DA:974,0
DA:976,0
DA:977,0
DA:978,0
DA:979,0
DA:982,0
DA:986,0
DA:1002,0
DA:1005,0
DA:1010,0
DA:1014,0
DA:1017,0
DA:1024,0
DA:1032,0
DA:1035,0
DA:1041,0
DA:1044,0
DA:1047,0
DA:1050,0
DA:1053,0
DA:1056,0
DA:1065,1
DA:1066,0
DA:1067,0
DA:1068,0
DA:1069,0
DA:1071,0
DA:1072,0
DA:1073,0
DA:1076,0
DA:1079,0
DA:1080,0
DA:1081,0
DA:1082,0
DA:1083,0
DA:1084,0
DA:1085,0
DA:1088,0
DA:1091,0
DA:1094,0
DA:1099,0
DA:1102,0
DA:1105,0
DA:1108,0
DA:1111,0
DA:1114,0
DA:1123,1
DA:1124,0
DA:1125,0
DA:1127,0
DA:1128,0
DA:1130,0
DA:1131,0
DA:1133,0
DA:1134,0
DA:1137,0
DA:1140,0
DA:1141,0
DA:1142,0
DA:1143,0
DA:1144,0
DA:1145,0
DA:1147,0
DA:1148,0
DA:1159,0
DA:1162,0
DA:1163,0
DA:1174,0
DA:1177,0
DA:1178,0
DA:1189,0
DA:1192,0
DA:1195,0
DA:1199,0
DA:1202,0
DA:1205,0
DA:1208,0
DA:1213,0
DA:1216,0
DA:1223,1
DA:1224,0
DA:1225,0
DA:1227,0
DA:1228,0
DA:1229,0
DA:1231,0
DA:1234,0
DA:1235,0
DA:1237,0
DA:1238,0
DA:1240,0
DA:1241,0
DA:1244,0
DA:1249,0
DA:1250,0
DA:1253,0
DA:1256,0
DA:1257,0
DA:1260,0
DA:1262,0
DA:1264,0
DA:1265,0
DA:1268,0
DA:1273,0
DA:1277,0
DA:1280,0
DA:1284,0
DA:1285,0
DA:1286,0
DA:1290,1
LF:393
LH:28
BRDA:19,0,0,0
BRDA:19,0,1,0
BRDA:22,1,0,0
BRDA:22,1,1,0
BRDA:40,2,0,0
BRDA:40,2,1,0
BRDA:45,3,0,0
BRDA:45,3,1,0
BRDA:48,4,0,0
BRDA:48,4,1,0
BRDA:54,5,0,0
BRDA:54,5,1,0
BRDA:94,6,0,0
BRDA:94,6,1,0
BRDA:99,7,0,0
BRDA:99,7,1,0
BRDA:112,8,0,0
BRDA:112,8,1,0
BRDA:136,9,0,0
BRDA:136,9,1,0
BRDA:174,10,0,0
BRDA:174,10,1,0
BRDA:175,11,0,0
BRDA:175,11,1,0
BRDA:178,12,0,0
BRDA:178,12,1,0
BRDA:195,13,0,0
BRDA:195,13,1,0
BRDA:208,14,0,0
BRDA:208,14,1,0
BRDA:212,15,0,0
BRDA:212,15,1,0
BRDA:215,16,0,0
BRDA:215,16,1,0
BRDA:221,17,0,0
BRDA:221,17,1,0
BRDA:237,18,0,0
BRDA:237,18,1,0
BRDA:241,19,0,0
BRDA:241,19,1,0
BRDA:253,20,0,0
BRDA:253,20,1,0
BRDA:253,21,0,0
BRDA:253,21,1,0
BRDA:266,22,0,0
BRDA:266,22,1,0
BRDA:285,23,0,0
BRDA:285,23,1,0
BRDA:293,24,0,0
BRDA:293,24,1,0
BRDA:294,25,0,0
BRDA:294,25,1,0
BRDA:307,26,0,0
BRDA:307,26,1,0
BRDA:308,27,0,0
BRDA:308,27,1,0
BRDA:309,28,0,0
BRDA:309,28,1,0
BRDA:310,29,0,0
BRDA:310,29,1,0
BRDA:311,30,0,0
BRDA:311,30,1,0
BRDA:312,31,0,0
BRDA:312,31,1,0
BRDA:313,32,0,0
BRDA:313,32,1,0
BRDA:314,33,0,0
BRDA:314,33,1,0
BRDA:315,34,0,0
BRDA:315,34,1,0
BRDA:316,35,0,0
BRDA:316,35,1,0
BRDA:317,36,0,0
BRDA:317,36,1,0
BRDA:318,37,0,0
BRDA:318,37,1,0
BRDA:319,38,0,0
BRDA:319,38,1,0
BRDA:320,39,0,0
BRDA:320,39,1,0
BRDA:321,40,0,0
BRDA:321,40,1,0
BRDA:322,41,0,0
BRDA:322,41,1,0
BRDA:323,42,0,0
BRDA:323,42,1,0
BRDA:324,43,0,0
BRDA:324,43,1,0
BRDA:325,44,0,0
BRDA:325,44,1,0
BRDA:339,45,0,0
BRDA:339,45,1,0
BRDA:355,46,0,0
BRDA:355,46,1,0
BRDA:360,47,0,0
BRDA:360,47,1,0
BRDA:363,48,0,0
BRDA:363,48,1,0
BRDA:369,49,0,0
BRDA:369,49,1,0
BRDA:428,50,0,0
BRDA:428,50,1,0
BRDA:444,51,0,0
BRDA:444,51,1,0
BRDA:446,52,0,0
BRDA:446,52,1,0
BRDA:449,53,0,0
BRDA:449,53,1,0
BRDA:455,54,0,0
BRDA:455,54,1,0
BRDA:485,55,0,0
BRDA:485,55,1,0
BRDA:499,56,0,0
BRDA:499,56,1,0
BRDA:511,57,0,0
BRDA:511,57,1,0
BRDA:521,58,0,0
BRDA:521,58,1,0
BRDA:529,59,0,0
BRDA:529,59,1,0
BRDA:543,60,0,0
BRDA:543,60,1,0
BRDA:590,61,0,0
BRDA:590,61,1,0
BRDA:605,62,0,0
BRDA:605,62,1,0
BRDA:608,63,0,0
BRDA:608,63,1,0
BRDA:608,64,0,0
BRDA:608,64,1,0
BRDA:638,65,0,0
BRDA:638,65,1,0
BRDA:642,66,0,0
BRDA:642,66,1,0
BRDA:647,67,0,0
BRDA:647,67,1,0
BRDA:647,68,0,0
BRDA:647,68,1,0
BRDA:653,69,0,0
BRDA:653,69,1,0
BRDA:688,70,0,0
BRDA:688,70,1,0
BRDA:692,71,0,0
BRDA:692,71,1,0
BRDA:699,72,0,0
BRDA:699,72,1,0
BRDA:742,73,0,0
BRDA:742,73,1,0
BRDA:744,74,0,0
BRDA:744,74,1,0
BRDA:751,75,0,0
BRDA:751,75,1,0
BRDA:754,76,0,0
BRDA:754,76,1,0
BRDA:854,77,0,0
BRDA:854,77,1,0
BRDA:856,78,0,0
BRDA:856,78,1,0
BRDA:863,79,0,0
BRDA:863,79,1,0
BRDA:867,80,0,0
BRDA:867,80,1,0
BRDA:914,81,0,0
BRDA:914,81,1,0
BRDA:917,82,0,0
BRDA:917,82,1,0
BRDA:922,83,0,0
BRDA:922,83,1,0
BRDA:970,84,0,0
BRDA:970,84,1,0
BRDA:973,85,0,0
BRDA:973,85,1,0
BRDA:976,86,0,0
BRDA:976,86,1,0
BRDA:978,87,0,0
BRDA:978,87,1,0
BRDA:1069,88,0,0
BRDA:1069,88,1,0
BRDA:1072,89,0,0
BRDA:1072,89,1,0
BRDA:1080,90,0,0
BRDA:1080,90,1,0
BRDA:1084,91,0,0
BRDA:1084,91,1,0
BRDA:1131,92,0,0
BRDA:1131,92,1,0
BRDA:1133,93,0,0
BRDA:1133,93,1,0
BRDA:1140,94,0,0
BRDA:1140,94,1,0
BRDA:1144,95,0,0
BRDA:1144,95,1,0
BRDA:1147,96,0,0
BRDA:1147,96,1,0
BRDA:1162,97,0,0
BRDA:1162,97,1,0
BRDA:1177,98,0,0
BRDA:1177,98,1,0
BRDA:1225,99,0,0
BRDA:1225,99,1,0
BRDA:1227,100,0,0
BRDA:1227,100,1,0
BRDA:1240,101,0,0
BRDA:1240,101,1,0
BRDA:1249,102,0,0
BRDA:1249,102,1,0
BRDA:1256,103,0,0
BRDA:1256,103,1,0
BRDA:1264,104,0,0
BRDA:1264,104,1,0
BRF:210
BRH:0
end_of_record
TN:
SF:controllers/holidays.js
FN:9,(anonymous_0)
FN:31,(anonymous_1)
FN:53,(anonymous_2)
FN:59,(anonymous_3)
FN:76,(anonymous_4)
FN:109,(anonymous_5)
FN:144,(anonymous_6)
FNF:7
FNH:0
FNDA:0,(anonymous_0)
FNDA:0,(anonymous_1)
FNDA:0,(anonymous_2)
FNDA:0,(anonymous_3)
FNDA:0,(anonymous_4)
FNDA:0,(anonymous_5)
FNDA:0,(anonymous_6)
DA:1,1
DA:2,1
DA:3,1
DA:4,1
DA:9,1
DA:10,0
DA:11,0
DA:13,0
DA:14,0
DA:17,0
DA:21,0
DA:24,0
DA:31,1
DA:32,0
DA:33,0
DA:35,0
DA:36,0
DA:38,0
DA:42,0
DA:43,0
DA:46,0
DA:48,0
DA:54,0
DA:57,0
DA:60,0
DA:63,0
DA:66,0
DA:69,0
DA:76,1
DA:77,0
DA:78,0
DA:80,0
DA:81,0
DA:82,0
DA:85,0
DA:88,0
DA:93,0
DA:96,0
DA:99,0
DA:102,0
DA:109,1
DA:110,0
DA:111,0
DA:112,0
DA:114,0
DA:115,0
DA:116,0
DA:120,0
DA:123,0
DA:128,0
DA:131,0
DA:134,0
DA:137,0
DA:144,1
DA:145,0
DA:146,0
DA:148,0
DA:150,0
DA:151,0
DA:152,0
DA:155,0
DA:156,0
DA:157,0
DA:160,0
DA:163,0
DA:167,0
DA:170,0
DA:173,0
DA:176,0
DA:179,0
DA:182,0
DA:188,1
LF:72
LH:10
BRDA:11,0,0,0
BRDA:11,0,1,0
BRDA:13,1,0,0
BRDA:13,1,1,0
BRDA:33,2,0,0
BRDA:33,2,1,0
BRDA:35,3,0,0
BRDA:35,3,1,0
BRDA:42,4,0,0
BRDA:42,4,1,0
BRDA:77,5,0,0
BRDA:77,5,1,0
BRDA:81,6,0,0
BRDA:81,6,1,0
BRDA:110,7,0,0
BRDA:110,7,1,0
BRDA:115,8,0,0
BRDA:115,8,1,0
BRDA:146,9,0,0
BRDA:146,9,1,0
BRDA:151,10,0,0
BRDA:151,10,1,0
BRDA:156,11,0,0
BRDA:156,11,1,0
BRF:24
BRH:0
end_of_record
TN:
SF:controllers/notification.js
FN:9,(anonymous_0)
FN:31,(anonymous_1)
FN:69,(anonymous_2)
FN:102,(anonymous_3)
FN:141,(anonymous_4)
FNF:5
FNH:0
FNDA:0,(anonymous_0)
FNDA:0,(anonymous_1)
FNDA:0,(anonymous_2)
FNDA:0,(anonymous_3)
FNDA:0,(anonymous_4)
DA:1,1
DA:2,1
DA:3,1
DA:4,1
DA:9,1
DA:10,0
DA:11,0
DA:13,0
DA:14,0
DA:17,0
DA:21,0
DA:24,0
DA:31,1
DA:32,0
DA:33,0
DA:34,0
DA:36,0
DA:37,0
DA:38,0
DA:41,0
DA:42,0
DA:44,0
DA:45,0
DA:52,0
DA:56,0
DA:59,0
DA:62,0
DA:69,1
DA:70,0
DA:71,0
DA:72,0
DA:73,0
DA:74,0
DA:76,0
DA:77,0
DA:78,0
DA:81,0
DA:82,0
DA:84,0
DA:85,0
DA:87,0
DA:89,0
DA:92,0
DA:95,0
DA:102,1
DA:103,0
DA:104,0
DA:105,0
DA:106,0
DA:107,0
DA:109,0
DA:110,0
DA:111,0
DA:114,0
DA:115,0
DA:117,0
DA:118,0
DA:126,0
DA:128,0
DA:131,0
DA:134,0
DA:141,1
DA:142,0
DA:143,0
DA:144,0
DA:145,0
DA:146,0
DA:148,0
DA:149,0
DA:150,0
DA:153,0
DA:154,0
DA:156,0
DA:157,0
DA:162,0
DA:164,0
DA:167,0
DA:170,0
DA:174,1
LF:79
LH:10
BRDA:11,0,0,0
BRDA:11,0,1,0
BRDA:13,1,0,0
BRDA:13,1,1,0
BRDA:33,2,0,0
BRDA:33,2,1,0
BRDA:36,3,0,0
BRDA:36,3,1,0
BRDA:41,4,0,0
BRDA:41,4,1,0
BRDA:71,5,0,0
BRDA:71,5,1,0
BRDA:76,6,0,0
BRDA:76,6,1,0
BRDA:81,7,0,0
BRDA:81,7,1,0
BRDA:104,8,0,0
BRDA:104,8,1,0
BRDA:109,9,0,0
BRDA:109,9,1,0
BRDA:114,10,0,0
BRDA:114,10,1,0
BRDA:143,11,0,0
BRDA:143,11,1,0
BRDA:148,12,0,0
BRDA:148,12,1,0
BRDA:153,13,0,0
BRDA:153,13,1,0
BRF:28
BRH:0
end_of_record
TN:
SF:controllers/role.js
FN:8,(anonymous_0)
FN:28,(anonymous_1)
FN:52,(anonymous_2)
FN:58,(anonymous_3)
FN:75,(anonymous_4)
FN:133,(anonymous_5)
FN:180,(anonymous_6)
FN:213,(anonymous_7)
FNF:8
FNH:0
FNDA:0,(anonymous_0)
FNDA:0,(anonymous_1)
FNDA:0,(anonymous_2)
FNDA:0,(anonymous_3)
FNDA:0,(anonymous_4)
FNDA:0,(anonymous_5)
FNDA:0,(anonymous_6)
FNDA:0,(anonymous_7)
DA:1,1
DA:2,1
DA:3,1
DA:8,1
DA:9,0
DA:10,0
DA:12,0
DA:13,0
DA:16,0
DA:18,0
DA:21,0
DA:28,1
DA:29,0
DA:30,0
DA:31,0
DA:33,0
DA:34,0
DA:35,0
DA:38,0
DA:39,0
DA:41,0
DA:42,0
DA:43,0
DA:46,0
DA:49,0
DA:53,0
DA:56,0
DA:59,0
DA:62,0
DA:65,0
DA:68,0
DA:75,1
DA:76,0
DA:77,0
DA:79,0
DA:81,0
DA:82,0
DA:84,0
DA:85,0
DA:88,0
DA:91,0
DA:92,0
DA:93,0
DA:97,0
DA:98,0
DA:99,0
DA:102,0
DA:105,0
DA:109,0
DA:112,0
DA:115,0
DA:118,0
DA:121,0
DA:124,0
DA:133,1
DA:134,0
DA:135,0
DA:137,0
DA:139,0
DA:140,0
DA:141,0
DA:144,0
DA:145,0
DA:146,0
DA:149,0
DA:152,0
DA:156,0
DA:159,0
DA:162,0
DA:165,0
DA:168,0
DA:171,0
DA:180,1
DA:181,0
DA:182,0
DA:184,0
DA:185,0
DA:186,0
DA:189,0
DA:192,0
DA:197,0
DA:200,0
DA:203,0
DA:206,0
DA:213,1
DA:214,0
DA:215,0
DA:216,0
DA:217,0
DA:218,0
DA:219,0
DA:222,0
DA:223,0
DA:226,0
DA:231,0
DA:234,0
DA:239,0
DA:242,0
DA:245,0
DA:248,0
DA:252,1
LF:101
LH:10
BRDA:10,0,0,0
BRDA:10,0,1,0
BRDA:12,1,0,0
BRDA:12,1,1,0
BRDA:30,2,0,0
BRDA:30,2,1,0
BRDA:33,3,0,0
BRDA:33,3,1,0
BRDA:38,4,0,0
BRDA:38,4,1,0
BRDA:42,5,0,0
BRDA:42,5,1,0
BRDA:82,6,0,0
BRDA:82,6,1,0
BRDA:84,7,0,0
BRDA:84,7,1,0
BRDA:92,8,0,0
BRDA:92,8,1,0
BRDA:98,9,0,0
BRDA:98,9,1,0
BRDA:135,10,0,0
BRDA:135,10,1,0
BRDA:140,11,0,0
BRDA:140,11,1,0
BRDA:145,12,0,0
BRDA:145,12,1,0
BRDA:181,13,0,0
BRDA:181,13,1,0
BRDA:185,14,0,0
BRDA:185,14,1,0
BRDA:215,15,0,0
BRDA:215,15,1,0
BRDA:217,16,0,0
BRDA:217,16,1,0
BRDA:222,17,0,0
BRDA:222,17,1,0
BRF:36
BRH:0
end_of_record
TN:
SF:controllers/settings.js
FN:14,(anonymous_0)
FN:36,(anonymous_1)
FN:73,(anonymous_2)
FN:79,(anonymous_3)
FN:97,(anonymous_4)
FN:132,(anonymous_5)
FN:203,(anonymous_6)
FN:259,(anonymous_7)
FN:279,(anonymous_8)
FN:297,(anonymous_9)
FN:321,(anonymous_10)
FN:344,(anonymous_11)
FN:368,(anonymous_12)
FN:377,(anonymous_13)
FN:420,(anonymous_14)
FN:429,(anonymous_15)
FN:444,(anonymous_16)
FN:539,(anonymous_17)
FN:636,(anonymous_18)
FN:656,(anonymous_19)
FN:738,(anonymous_20)
FN:779,(anonymous_21)
FN:824,(anonymous_22)
FNF:23
FNH:0
FNDA:0,(anonymous_0)
FNDA:0,(anonymous_1)
FNDA:0,(anonymous_2)
FNDA:0,(anonymous_3)
FNDA:0,(anonymous_4)
FNDA:0,(anonymous_5)
FNDA:0,(anonymous_6)
FNDA:0,(anonymous_7)
FNDA:0,(anonymous_8)
FNDA:0,(anonymous_9)
FNDA:0,(anonymous_10)
FNDA:0,(anonymous_11)
FNDA:0,(anonymous_12)
FNDA:0,(anonymous_13)
FNDA:0,(anonymous_14)
FNDA:0,(anonymous_15)
FNDA:0,(anonymous_16)
FNDA:0,(anonymous_17)
FNDA:0,(anonymous_18)
FNDA:0,(anonymous_19)
FNDA:0,(anonymous_20)
FNDA:0,(anonymous_21)
FNDA:0,(anonymous_22)
DA:1,1
DA:2,1
DA:3,1
DA:4,1
DA:5,1
DA:6,1
DA:7,1
DA:9,1
DA:14,1
DA:15,0
DA:16,0
DA:18,0
DA:19,0
DA:22,0
DA:26,0
DA:29,0
DA:36,1
DA:37,0
DA:38,0
DA:40,0
DA:41,0
DA:43,0
DA:48,0
DA:49,0
DA:53,0
DA:54,0
DA:61,0
DA:62,0
DA:65,0
DA:68,0
DA:74,0
DA:77,0
DA:80,0
DA:83,0
DA:87,0
DA:90,0
DA:97,1
DA:98,0
DA:99,0
DA:100,0
DA:102,0
DA:103,0
DA:104,0
DA:108,0
DA:111,0
DA:116,0
DA:119,0
DA:122,0
DA:125,0
DA:132,1
DA:133,0
DA:134,0
DA:136,0
DA:138,0
DA:140,0
DA:141,0
DA:143,0
DA:144,0
DA:147,0
DA:150,0
DA:151,0
DA:152,0
DA:158,0
DA:161,0
DA:162,0
DA:163,0
DA:170,0
DA:173,0
DA:178,0
DA:181,0
DA:184,0
DA:187,0
DA:190,0
DA:193,0
DA:194,0
DA:203,1
DA:204,0
DA:205,0
DA:206,0
DA:207,0
DA:210,0
DA:211,0
DA:212,0
DA:215,0
DA:217,0
DA:219,0
DA:223,0
DA:224,0
DA:225,0
DA:226,0
DA:227,0
DA:228,0
DA:229,0
DA:231,0
DA:233,0
DA:234,0
DA:235,0
DA:239,0
DA:240,0
DA:245,0
DA:247,0
DA:253,0
DA:254,0
DA:255,0
DA:259,1
DA:260,0
DA:261,0
DA:262,0
DA:266,0
DA:279,0
DA:280,0
DA:281,0
DA:282,0
DA:283,0
DA:297,1
DA:298,0
DA:299,0
DA:300,0
DA:303,0
DA:321,0
DA:322,0
DA:323,0
DA:324,0
DA:325,0
DA:344,1
DA:345,0
DA:346,0
DA:348,0
DA:349,0
DA:351,0
DA:355,0
DA:356,0
DA:357,0
DA:360,0
DA:361,0
DA:369,0
DA:372,0
DA:378,0
DA:381,0
DA:385,0
DA:389,0
DA:390,0
DA:391,0
DA:394,0
DA:395,0
DA:398,0
DA:399,0
DA:402,0
DA:407,0
DA:410,0
DA:415,0
DA:416,0
DA:421,0
DA:424,0
DA:430,0
DA:433,0
DA:437,0
DA:440,0
DA:444,1
DA:445,0
DA:446,0
DA:448,0
DA:449,0
DA:452,0
DA:455,0
DA:456,0
DA:459,0
DA:464,0
DA:465,0
DA:466,0
DA:467,0
DA:473,0
DA:474,0
DA:477,0
DA:485,0
DA:490,0
DA:491,0
DA:492,0
DA:493,0
DA:499,0
DA:500,0
DA:503,0
DA:511,0
DA:512,0
DA:517,0
DA:521,0
DA:526,0
DA:529,0
DA:539,1
DA:540,0
DA:541,0
DA:543,0
DA:544,0
DA:547,0
DA:550,0
DA:551,0
DA:554,0
DA:559,0
DA:560,0
DA:561,0
DA:564,0
DA:570,0
DA:571,0
DA:574,0
DA:582,0
DA:587,0
DA:588,0
DA:589,0
DA:590,0
DA:596,0
DA:597,0
DA:600,0
DA:608,0
DA:609,0
DA:614,0
DA:618,0
DA:623,0
DA:626,0
DA:636,1
DA:637,0
DA:638,0
DA:640,0
DA:641,0
DA:644,0
DA:646,0
DA:649,0
DA:656,1
DA:657,0
DA:658,0
DA:661,0
DA:662,0
DA:663,0
DA:666,0
DA:669,0
DA:672,0
DA:678,0
DA:681,0
DA:683,0
DA:685,0
DA:686,0
DA:687,0
DA:688,0
DA:689,0
DA:694,0
DA:698,0
DA:699,0
DA:700,0
DA:703,0
DA:705,0
DA:711,0
DA:721,0
DA:726,0
DA:728,0
DA:731,0
DA:738,1
DA:739,0
DA:740,0
DA:743,0
DA:744,0
DA:745,0
DA:748,0
DA:752,0
DA:753,0
DA:755,0
DA:757,0
DA:763,0
DA:767,0
DA:769,0
DA:772,0
DA:779,1
DA:780,0
DA:781,0
DA:782,0
DA:784,0
DA:786,0
DA:789,0
DA:804,0
DA:808,0
DA:813,0
DA:816,0
DA:824,1
DA:825,0
DA:826,0
DA:827,0
DA:829,0
DA:831,0
DA:832,0
DA:833,0
DA:836,0
DA:839,0
DA:842,0
DA:844,0
DA:847,0
DA:850,1
LF:294
LH:24
BRDA:16,0,0,0
BRDA:16,0,1,0
BRDA:18,1,0,0
BRDA:18,1,1,0
BRDA:38,2,0,0
BRDA:38,2,1,0
BRDA:40,3,0,0
BRDA:40,3,1,0
BRDA:48,4,0,0
BRDA:48,4,1,0
BRDA:61,5,0,0
BRDA:61,5,1,0
BRDA:98,6,0,0
BRDA:98,6,1,0
BRDA:103,7,0,0
BRDA:103,7,1,0
BRDA:141,8,0,0
BRDA:141,8,1,0
BRDA:143,9,0,0
BRDA:143,9,1,0
BRDA:151,10,0,0
BRDA:151,10,1,0
BRDA:161,11,0,0
BRDA:161,11,1,0
BRDA:207,12,0,0
BRDA:207,12,1,0
BRDA:210,13,0,0
BRDA:210,13,1,0
BRDA:210,14,0,0
BRDA:210,14,1,0
BRDA:210,14,2,0
BRDA:224,15,0,0
BRDA:224,15,1,0
BRDA:227,16,0,0
BRDA:227,16,1,0
BRDA:245,17,0,0
BRDA:245,17,1,0
BRDA:280,18,0,0
BRDA:280,18,1,0
BRDA:282,19,0,0
BRDA:282,19,1,0
BRDA:322,20,0,0
BRDA:322,20,1,0
BRDA:324,21,0,0
BRDA:324,21,1,0
BRDA:346,22,0,0
BRDA:346,22,1,0
BRDA:348,23,0,0
BRDA:348,23,1,0
BRDA:355,24,0,0
BRDA:355,24,1,0
BRDA:389,25,0,0
BRDA:389,25,1,0
BRDA:398,26,0,0
BRDA:398,26,1,0
BRDA:446,27,0,0
BRDA:446,27,1,0
BRDA:448,28,0,0
BRDA:448,28,1,0
BRDA:464,29,0,0
BRDA:464,29,1,0
BRDA:473,30,0,0
BRDA:473,30,1,0
BRDA:490,31,0,0
BRDA:490,31,1,0
BRDA:499,32,0,0
BRDA:499,32,1,0
BRDA:541,33,0,0
BRDA:541,33,1,0
BRDA:543,34,0,0
BRDA:543,34,1,0
BRDA:559,35,0,0
BRDA:559,35,1,0
BRDA:570,36,0,0
BRDA:570,36,1,0
BRDA:587,37,0,0
BRDA:587,37,1,0
BRDA:596,38,0,0
BRDA:596,38,1,0
BRDA:637,39,0,0
BRDA:637,39,1,0
BRDA:640,40,0,0
BRDA:640,40,1,0
BRDA:657,41,0,0
BRDA:657,41,1,0
BRDA:662,42,0,0
BRDA:662,42,1,0
BRDA:673,43,0,0
BRDA:673,43,1,0
BRDA:673,44,0,0
BRDA:673,44,1,0
BRDA:674,45,0,0
BRDA:674,45,1,0
BRDA:674,46,0,0
BRDA:674,46,1,0
BRDA:675,47,0,0
BRDA:675,47,1,0
BRDA:675,48,0,0
BRDA:675,48,1,0
BRDA:683,49,0,0
BRDA:683,49,1,0
BRDA:699,50,0,0
BRDA:699,50,1,0
BRDA:726,51,0,0
BRDA:726,51,1,0
BRDA:739,52,0,0
BRDA:739,52,1,0
BRDA:744,53,0,0
BRDA:744,53,1,0
BRDA:780,54,0,0
BRDA:780,54,1,0
BRDA:825,55,0,0
BRDA:825,55,1,0
BRDA:832,56,0,0
BRDA:832,56,1,0
BRF:115
BRH:0
end_of_record
TN:
SF:controllers/team.js
FN:8,(anonymous_0)
FN:28,(anonymous_1)
FN:52,(anonymous_2)
FN:58,(anonymous_3)
FN:75,(anonymous_4)
FN:133,(anonymous_5)
FN:180,(anonymous_6)
FN:213,(anonymous_7)
FNF:8
FNH:0
FNDA:0,(anonymous_0)
FNDA:0,(anonymous_1)
FNDA:0,(anonymous_2)
FNDA:0,(anonymous_3)
FNDA:0,(anonymous_4)
FNDA:0,(anonymous_5)
FNDA:0,(anonymous_6)
FNDA:0,(anonymous_7)
DA:1,1
DA:2,1
DA:3,1
DA:8,1
DA:9,0
DA:10,0
DA:12,0
DA:13,0
DA:16,0
DA:18,0
DA:21,0
DA:28,1
DA:29,0
DA:30,0
DA:31,0
DA:33,0
DA:34,0
DA:35,0
DA:38,0
DA:39,0
DA:41,0
DA:42,0
DA:43,0
DA:46,0
DA:49,0
DA:53,0
DA:56,0
DA:59,0
DA:62,0
DA:65,0
DA:68,0
DA:75,1
DA:76,0
DA:77,0
DA:79,0
DA:81,0
DA:82,0
DA:84,0
DA:85,0
DA:88,0
DA:91,0
DA:92,0
DA:93,0
DA:97,0
DA:98,0
DA:99,0
DA:102,0
DA:105,0
DA:109,0
DA:112,0
DA:115,0
DA:118,0
DA:121,0
DA:124,0
DA:133,1
DA:134,0
DA:135,0
DA:137,0
DA:139,0
DA:140,0
DA:141,0
DA:144,0
DA:145,0
DA:146,0
DA:149,0
DA:152,0
DA:156,0
DA:159,0
DA:162,0
DA:165,0
DA:168,0
DA:171,0
DA:180,1
DA:181,0
DA:182,0
DA:184,0
DA:185,0
DA:186,0
DA:189,0
DA:192,0
DA:197,0
DA:200,0
DA:203,0
DA:206,0
DA:213,1
DA:214,0
DA:215,0
DA:216,0
DA:217,0
DA:218,0
DA:219,0
DA:222,0
DA:223,0
DA:226,0
DA:231,0
DA:234,0
DA:239,0
DA:242,0
DA:245,0
DA:248,0
DA:252,1
LF:101
LH:10
BRDA:10,0,0,0
BRDA:10,0,1,0
BRDA:12,1,0,0
BRDA:12,1,1,0
BRDA:30,2,0,0
BRDA:30,2,1,0
BRDA:33,3,0,0
BRDA:33,3,1,0
BRDA:38,4,0,0
BRDA:38,4,1,0
BRDA:42,5,0,0
BRDA:42,5,1,0
BRDA:82,6,0,0
BRDA:82,6,1,0
BRDA:84,7,0,0
BRDA:84,7,1,0
BRDA:92,8,0,0
BRDA:92,8,1,0
BRDA:98,9,0,0
BRDA:98,9,1,0
BRDA:135,10,0,0
BRDA:135,10,1,0
BRDA:140,11,0,0
BRDA:140,11,1,0
BRDA:145,12,0,0
BRDA:145,12,1,0
BRDA:181,13,0,0
BRDA:181,13,1,0
BRDA:185,14,0,0
BRDA:185,14,1,0
BRDA:215,15,0,0
BRDA:215,15,1,0
BRDA:217,16,0,0
BRDA:217,16,1,0
BRDA:222,17,0,0
BRDA:222,17,1,0
BRF:36
BRH:0
end_of_record
TN:
SF:controllers/user.js
FN:15,(anonymous_0)
FN:35,(anonymous_1)
FN:75,(anonymous_2)
FN:81,(anonymous_3)
FN:98,(anonymous_4)
FN:134,(anonymous_5)
FN:179,(anonymous_6)
FN:258,(anonymous_7)
FN:307,(anonymous_8)
FN:377,(anonymous_9)
FN:431,(anonymous_10)
FN:500,(anonymous_11)
FNF:12
FNH:0
FNDA:0,(anonymous_0)
FNDA:0,(anonymous_1)
FNDA:0,(anonymous_2)
FNDA:0,(anonymous_3)
FNDA:0,(anonymous_4)
FNDA:0,(anonymous_5)
FNDA:0,(anonymous_6)
FNDA:0,(anonymous_7)
FNDA:0,(anonymous_8)
FNDA:0,(anonymous_9)
FNDA:0,(anonymous_10)
FNDA:0,(anonymous_11)
DA:1,1
DA:2,1
DA:3,1
DA:4,1
DA:5,1
DA:6,1
DA:7,1
DA:8,1
DA:10,1
DA:15,1
DA:16,0
DA:17,0
DA:19,0
DA:20,0
DA:23,0
DA:25,0
DA:28,0
DA:35,1
DA:36,0
DA:37,0
DA:38,0
DA:40,0
DA:41,0
DA:44,0
DA:47,0
DA:48,0
DA:50,0
DA:51,0
DA:52,0
DA:55,0
DA:58,0
DA:59,0
DA:60,0
DA:76,0
DA:79,0
DA:82,0
DA:85,0
DA:88,0
DA:91,0
DA:98,1
DA:99,0
DA:100,0
DA:102,0
DA:103,0
DA:104,0
DA:110,0
DA:113,0
DA:118,0
DA:121,0
DA:124,0
DA:127,0
DA:134,1
DA:135,0
DA:136,0
DA:137,0
DA:138,0
DA:139,0
DA:140,0
DA:146,0
DA:147,0
DA:150,0
DA:155,0
DA:158,0
DA:163,0
DA:166,0
DA:169,0
DA:172,0
DA:179,1
DA:180,0
DA:181,0
DA:182,0
DA:184,0
DA:185,0
DA:187,0
DA:188,0
DA:191,0
DA:194,0
DA:195,0
DA:196,0
DA:203,0
DA:204,0
DA:205,0
DA:212,0
DA:213,0
DA:227,0
DA:230,0
DA:234,0
DA:237,0
DA:240,0
DA:243,0
DA:248,0
DA:251,0
DA:258,1
DA:259,0
DA:260,0
DA:261,0
DA:263,0
DA:264,0
DA:265,0
DA:268,0
DA:269,0
DA:270,0
DA:276,0
DA:279,0
DA:283,0
DA:286,0
DA:289,0
DA:292,0
DA:295,0
DA:298,0
DA:307,1
DA:308,0
DA:309,0
DA:311,0
DA:312,0
DA:313,0
DA:315,0
DA:317,0
DA:318,0
DA:320,0
DA:321,0
DA:326,0
DA:327,0
DA:330,0
DA:333,0
DA:334,0
DA:337,0
DA:340,0
DA:341,0
DA:344,0
DA:346,0
DA:348,0
DA:349,0
DA:352,0
DA:357,0
DA:361,0
DA:364,0
DA:368,0
DA:369,0
DA:370,0
DA:377,1
DA:378,0
DA:379,0
DA:381,0
DA:388,0
DA:389,0
DA:392,0
DA:396,0
DA:400,0
DA:401,0
DA:404,0
DA:408,0
DA:411,0
DA:412,0
DA:415,0
DA:422,0
DA:423,0
DA:424,0
DA:431,1
DA:432,0
DA:433,0
DA:434,0
DA:436,0
DA:437,0
DA:438,0
DA:440,0
DA:441,0
DA:442,0
DA:445,0
DA:452,0
DA:455,0
DA:460,0
DA:463,0
DA:467,0
DA:470,0
DA:476,0
DA:479,0
DA:482,0
DA:485,0
DA:488,0
DA:491,0
DA:500,1
DA:501,0
DA:502,0
DA:503,0
DA:504,0
DA:506,0
DA:507,0
DA:508,0
DA:511,0
DA:514,0
DA:515,0
DA:516,0
DA:517,0
DA:518,0
DA:519,0
DA:520,0
DA:523,0
DA:529,0
DA:532,0
DA:537,0
DA:540,0
DA:543,0
DA:546,0
DA:549,0
DA:552,0
DA:558,1
LF:207
LH:20
BRDA:16,0,0,0
BRDA:16,0,1,0
BRDA:19,1,0,0
BRDA:19,1,1,0
BRDA:37,2,0,0
BRDA:37,2,1,0
BRDA:38,3,0,0
BRDA:38,3,1,0
BRDA:40,4,0,0
BRDA:40,4,1,0
BRDA:47,5,0,0
BRDA:47,5,1,0
BRDA:51,6,0,0
BRDA:51,6,1,0
BRDA:100,7,0,0
BRDA:100,7,1,0
BRDA:103,8,0,0
BRDA:103,8,1,0
BRDA:136,9,0,0
BRDA:136,9,1,0
BRDA:138,10,0,0
BRDA:138,10,1,0
BRDA:146,11,0,0
BRDA:146,11,1,0
BRDA:185,12,0,0
BRDA:185,12,1,0
BRDA:187,13,0,0
BRDA:187,13,1,0
BRDA:194,14,0,0
BRDA:194,14,1,0
BRDA:204,15,0,0
BRDA:204,15,1,0
BRDA:212,16,0,0
BRDA:212,16,1,0
BRDA:261,17,0,0
BRDA:261,17,1,0
BRDA:264,18,0,0
BRDA:264,18,1,0
BRDA:269,19,0,0
BRDA:269,19,1,0
BRDA:309,20,0,0
BRDA:309,20,1,0
BRDA:311,21,0,0
BRDA:311,21,1,0
BRDA:326,22,0,0
BRDA:326,22,1,0
BRDA:333,23,0,0
BRDA:333,23,1,0
BRDA:340,24,0,0
BRDA:340,24,1,0
BRDA:348,25,0,0
BRDA:348,25,1,0
BRDA:378,26,0,0
BRDA:378,26,1,0
BRDA:388,27,0,0
BRDA:388,27,1,0
BRDA:400,28,0,0
BRDA:400,28,1,0
BRDA:411,29,0,0
BRDA:411,29,1,0
BRDA:434,30,0,0
BRDA:434,30,1,0
BRDA:437,31,0,0
BRDA:437,31,1,0
BRDA:440,32,0,0
BRDA:440,32,1,0
BRDA:441,33,0,0
BRDA:441,33,1,0
BRDA:504,34,0,0
BRDA:504,34,1,0
BRDA:507,35,0,0
BRDA:507,35,1,0
BRDA:515,36,0,0
BRDA:515,36,1,0
BRDA:519,37,0,0
BRDA:519,37,1,0
BRF:76
BRH:0
end_of_record
TN:
SF:middleware/validateTokenHandler.js
FN:4,(anonymous_0)
FN:23,(anonymous_1)
FNF:2
FNH:0
FNDA:0,(anonymous_0)
FNDA:0,(anonymous_1)
DA:1,1
DA:2,1
DA:4,1
DA:5,0
DA:6,0
DA:8,0
DA:10,0
DA:12,0
DA:15,0
DA:16,0
DA:17,0
DA:20,0
DA:21,0
DA:23,0
DA:24,0
DA:26,0
DA:29,0
DA:34,0
DA:35,0
DA:38,0
DA:39,0
DA:43,0
DA:46,0
DA:50,1
LF:24
LH:4
BRDA:5,0,0,0
BRDA:5,0,1,0
BRDA:8,1,0,0
BRDA:8,1,1,0
BRDA:15,2,0,0
BRDA:15,2,1,0
BRDA:16,3,0,0
BRDA:16,3,1,0
BRDA:20,4,0,0
BRDA:20,4,1,0
BRDA:20,5,0,0
BRDA:20,5,1,0
BRDA:24,6,0,0
BRDA:24,6,1,0
BRDA:38,7,0,0
BRDA:38,7,1,0
BRF:16
BRH:0
end_of_record
TN:
SF:models/Attendance.js
FNF:0
FNH:0
DA:1,1
DA:2,1
DA:3,1
DA:5,1
DA:7,1
DA:110,1
LF:6
LH:6
BRF:0
BRH:0
end_of_record
TN:
SF:models/Client.js
FNF:0
FNH:0
DA:1,1
DA:2,1
DA:3,1
DA:4,1
DA:5,1
DA:7,1
DA:9,1
DA:24,1
DA:156,1
LF:9
LH:9
BRF:0
BRH:0
end_of_record
TN:
SF:models/Department.js
FNF:0
FNH:0
DA:1,1
DA:3,1
DA:5,1
DA:24,1
LF:4
LH:4
BRF:0
BRH:0
end_of_record
TN:
SF:models/Employee.js
FNF:0
FNH:0
DA:1,1
DA:2,1
DA:3,1
DA:4,1
DA:6,1
DA:211,1
LF:6
LH:6
BRF:0
BRH:0
end_of_record
TN:
SF:models/Holidays.js
FNF:0
FNH:0
DA:1,1
DA:2,1
DA:4,1
DA:6,1
DA:33,1
LF:5
LH:5
BRF:0
BRH:0
end_of_record
TN:
SF:models/Notification.js
FNF:0
FNH:0
DA:1,1
DA:2,1
DA:4,1
DA:6,1
DA:37,1
LF:5
LH:5
BRF:0
BRH:0
end_of_record
TN:
SF:models/Role.js
FNF:0
FNH:0
DA:1,1
DA:3,1
DA:5,1
DA:24,1
LF:4
LH:4
BRF:0
BRH:0
end_of_record
TN:
SF:models/Settings.js
FNF:0
FNH:0
DA:1,1
DA:2,1
DA:4,1
DA:6,1
DA:73,1
LF:5
LH:5
BRF:0
BRH:0
end_of_record
TN:
SF:models/Team.js
FNF:0
FNH:0
DA:1,1
DA:3,1
DA:5,1
DA:20,1
LF:4
LH:4
BRF:0
BRH:0
end_of_record
TN:
SF:models/User.js
FNF:0
FNH:0
DA:1,1
DA:2,1
DA:3,1
DA:4,1
DA:6,1
DA:8,1
DA:80,1
LF:7
LH:7
BRF:0
BRH:0
end_of_record
TN:
SF:routes/attendance.js
FNF:0
FNH:0
DA:1,1
DA:2,1
DA:3,1
DA:18,1
DA:19,1
DA:24,1
DA:29,1
DA:53,1
DA:74,1
DA:84,1
DA:94,1
DA:105,1
DA:115,1
DA:125,1
DA:148,1
DA:158,1
LF:16
LH:16
BRF:0
BRH:0
end_of_record
TN:
SF:routes/client.js
FNF:0
FNH:0
DA:1,1
DA:2,1
DA:3,1
DA:20,1
DA:21,1
DA:26,1
DA:31,1
DA:54,1
DA:59,1
DA:71,1
DA:96,1
DA:129,1
DA:134,1
DA:139,1
DA:144,1
DA:149,1
DA:186,1
DA:200,1
DA:207,1
DA:212,1
DA:217,1
DA:224,1
LF:22
LH:22
BRF:0
BRH:0
end_of_record
TN:
SF:routes/department.js
FNF:0
FNH:0
DA:1,1
DA:2,1
DA:3,1
DA:11,1
DA:12,1
DA:17,1
DA:22,1
DA:32,1
DA:42,1
DA:47,1
DA:52,1
DA:54,1
LF:12
LH:12
BRF:0
BRH:0
end_of_record
TN:
SF:routes/document.js
FNF:0
FNH:0
DA:1,1
DA:2,1
DA:3,1
DA:5,1
DA:6,1
DA:7,1
DA:12,1
DA:13,1
DA:15,1
DA:20,1
DA:25,1
DA:35,1
DA:41,1
LF:13
LH:13
BRF:0
BRH:0
end_of_record
TN:
SF:routes/employee.js
FNF:0
FNH:0
DA:1,1
DA:2,1
DA:3,1
DA:20,1
DA:21,1
DA:26,1
DA:31,1
DA:87,1
DA:105,1
DA:151,1
DA:169,1
DA:174,1
DA:183,1
DA:188,1
DA:193,1
DA:198,1
DA:203,1
DA:217,1
DA:222,1
DA:231,1
LF:20
LH:20
BRF:0
BRH:0
end_of_record
TN:
SF:routes/holidays.js
FNF:0
FNH:0
DA:1,1
DA:2,1
DA:3,1
DA:10,1
DA:11,1
DA:16,1
DA:21,1
DA:35,1
DA:40,1
DA:45,1
DA:47,1
LF:11
LH:11
BRF:0
BRH:0
end_of_record
TN:
SF:routes/notification.js
FNF:0
FNH:0
DA:1,1
DA:2,1
DA:3,1
DA:4,1
DA:11,1
DA:16,1
DA:26,1
DA:41,1
DA:46,1
DA:51,1
DA:53,1
LF:11
LH:11
BRF:0
BRH:0
end_of_record
TN:
SF:routes/role.js
FNF:0
FNH:0
DA:1,1
DA:2,1
DA:3,1
DA:11,1
DA:12,1
DA:17,1
DA:22,1
DA:32,1
DA:42,1
DA:47,1
DA:52,1
DA:54,1
LF:12
LH:12
BRF:0
BRH:0
end_of_record
TN:
SF:routes/settings.js
FNF:0
FNH:0
DA:1,1
DA:2,1
DA:3,1
DA:19,1
DA:20,1
DA:25,1
DA:30,1
DA:40,1
DA:50,1
DA:55,1
DA:65,1
DA:75,1
DA:83,1
DA:90,1
DA:105,1
DA:123,1
DA:128,1
DA:133,1
DA:135,1
LF:19
LH:19
BRF:0
BRH:0
end_of_record
TN:
SF:routes/team.js
FNF:0
FNH:0
DA:1,1
DA:2,1
DA:3,1
DA:11,1
DA:12,1
DA:17,1
DA:22,1
DA:32,1
DA:42,1
DA:47,1
DA:52,1
DA:54,1
LF:12
LH:12
BRF:0
BRH:0
end_of_record
TN:
SF:routes/user.js
FNF:0
FNH:0
DA:1,1
DA:2,1
DA:3,1
DA:15,1
DA:16,1
DA:21,1
DA:26,1
DA:51,1
DA:63,1
DA:68,1
DA:73,1
DA:78,1
DA:94,1
DA:104,1
DA:109,1
DA:111,1
LF:16
LH:16
BRF:0
BRH:0
end_of_record
